{
  "/Users/monarchlabsinc./Desktop/Work/Projects/2026_expo_templete/src/declarations.d.ts": {
    "path": "/Users/monarchlabsinc./Desktop/Work/Projects/2026_expo_templete/src/declarations.d.ts",
    "statementMap": {},
    "fnMap": {},
    "branchMap": {},
    "s": {},
    "f": {},
    "b": {}
  },
  "/Users/monarchlabsinc./Desktop/Work/Projects/2026_expo_templete/src/api/client.ts": {
    "path": "/Users/monarchlabsinc./Desktop/Work/Projects/2026_expo_templete/src/api/client.ts",
    "statementMap": {
      "0": { "start": { "line": 9, "column": 18 }, "end": { "line": 16, "column": 2 } },
      "1": { "start": { "line": 19, "column": 0 }, "end": { "line": 19, "column": 55 } },
      "2": { "start": { "line": 20, "column": 0 }, "end": { "line": 20, "column": 75 } }
    },
    "fnMap": {},
    "branchMap": {
      "0": {
        "loc": { "start": { "line": 10, "column": 11 }, "end": { "line": 10, "column": 72 } },
        "type": "binary-expr",
        "locations": [
          { "start": { "line": 10, "column": 11 }, "end": { "line": 10, "column": 43 } },
          { "start": { "line": 10, "column": 47 }, "end": { "line": 10, "column": 72 } }
        ],
        "line": 10
      }
    },
    "s": { "0": 0, "1": 0, "2": 0 },
    "f": {},
    "b": { "0": [0, 0] }
  },
  "/Users/monarchlabsinc./Desktop/Work/Projects/2026_expo_templete/src/api/interceptors.ts": {
    "path": "/Users/monarchlabsinc./Desktop/Work/Projects/2026_expo_templete/src/api/interceptors.ts",
    "statementMap": {
      "0": { "start": { "line": 8, "column": 34 }, "end": { "line": 18, "column": 1 } },
      "1": { "start": { "line": 9, "column": 2 }, "end": { "line": 11, "column": 3 } },
      "2": { "start": { "line": 10, "column": 4 }, "end": { "line": 10, "column": 79 } },
      "3": { "start": { "line": 17, "column": 2 }, "end": { "line": 17, "column": 16 } },
      "4": { "start": { "line": 23, "column": 35 }, "end": { "line": 28, "column": 1 } },
      "5": { "start": { "line": 24, "column": 2 }, "end": { "line": 26, "column": 3 } },
      "6": { "start": { "line": 25, "column": 4 }, "end": { "line": 25, "column": 97 } },
      "7": { "start": { "line": 27, "column": 2 }, "end": { "line": 27, "column": 18 } },
      "8": { "start": { "line": 33, "column": 32 }, "end": { "line": 59, "column": 1 } },
      "9": { "start": { "line": 34, "column": 31 }, "end": { "line": 34, "column": 36 } },
      "10": { "start": { "line": 36, "column": 17 }, "end": { "line": 36, "column": 33 } },
      "11": { "start": { "line": 37, "column": 18 }, "end": { "line": 37, "column": 67 } },
      "12": { "start": { "line": 39, "column": 2 }, "end": { "line": 42, "column": 5 } },
      "13": { "start": { "line": 45, "column": 2 }, "end": { "line": 51, "column": 3 } },
      "14": { "start": { "line": 46, "column": 4 }, "end": { "line": 50, "column": 7 } },
      "15": { "start": { "line": 54, "column": 2 }, "end": { "line": 56, "column": 3 } },
      "16": { "start": { "line": 58, "column": 2 }, "end": { "line": 58, "column": 31 } }
    },
    "fnMap": {
      "0": {
        "name": "(anonymous_0)",
        "decl": { "start": { "line": 8, "column": 34 }, "end": { "line": 8, "column": 35 } },
        "loc": { "start": { "line": 8, "column": 74 }, "end": { "line": 18, "column": 1 } },
        "line": 8
      },
      "1": {
        "name": "(anonymous_1)",
        "decl": { "start": { "line": 23, "column": 35 }, "end": { "line": 23, "column": 36 } },
        "loc": { "start": { "line": 23, "column": 64 }, "end": { "line": 28, "column": 1 } },
        "line": 23
      },
      "2": {
        "name": "(anonymous_2)",
        "decl": { "start": { "line": 33, "column": 32 }, "end": { "line": 33, "column": 33 } },
        "loc": { "start": { "line": 33, "column": 55 }, "end": { "line": 59, "column": 1 } },
        "line": 33
      }
    },
    "branchMap": {
      "0": {
        "loc": { "start": { "line": 9, "column": 2 }, "end": { "line": 11, "column": 3 } },
        "type": "if",
        "locations": [
          { "start": { "line": 9, "column": 2 }, "end": { "line": 11, "column": 3 } },
          { "start": {}, "end": {} }
        ],
        "line": 9
      },
      "1": {
        "loc": { "start": { "line": 24, "column": 2 }, "end": { "line": 26, "column": 3 } },
        "type": "if",
        "locations": [
          { "start": { "line": 24, "column": 2 }, "end": { "line": 26, "column": 3 } },
          { "start": {}, "end": {} }
        ],
        "line": 24
      },
      "2": {
        "loc": { "start": { "line": 37, "column": 18 }, "end": { "line": 37, "column": 67 } },
        "type": "binary-expr",
        "locations": [
          { "start": { "line": 37, "column": 18 }, "end": { "line": 37, "column": 50 } },
          { "start": { "line": 37, "column": 54 }, "end": { "line": 37, "column": 67 } }
        ],
        "line": 37
      },
      "3": {
        "loc": { "start": { "line": 45, "column": 2 }, "end": { "line": 51, "column": 3 } },
        "type": "if",
        "locations": [
          { "start": { "line": 45, "column": 2 }, "end": { "line": 51, "column": 3 } },
          { "start": {}, "end": {} }
        ],
        "line": 45
      },
      "4": {
        "loc": { "start": { "line": 45, "column": 6 }, "end": { "line": 45, "column": 29 } },
        "type": "binary-expr",
        "locations": [
          { "start": { "line": 45, "column": 6 }, "end": { "line": 45, "column": 12 } },
          { "start": { "line": 45, "column": 16 }, "end": { "line": 45, "column": 29 } }
        ],
        "line": 45
      },
      "5": {
        "loc": { "start": { "line": 54, "column": 2 }, "end": { "line": 56, "column": 3 } },
        "type": "if",
        "locations": [
          { "start": { "line": 54, "column": 2 }, "end": { "line": 56, "column": 3 } },
          { "start": {}, "end": {} }
        ],
        "line": 54
      }
    },
    "s": {
      "0": 0,
      "1": 0,
      "2": 0,
      "3": 0,
      "4": 0,
      "5": 0,
      "6": 0,
      "7": 0,
      "8": 0,
      "9": 0,
      "10": 0,
      "11": 0,
      "12": 0,
      "13": 0,
      "14": 0,
      "15": 0,
      "16": 0
    },
    "f": { "0": 0, "1": 0, "2": 0 },
    "b": { "0": [0, 0], "1": [0, 0], "2": [0, 0], "3": [0, 0], "4": [0, 0], "5": [0, 0] }
  },
  "/Users/monarchlabsinc./Desktop/Work/Projects/2026_expo_templete/src/components/AppHeader.tsx": {
    "path": "/Users/monarchlabsinc./Desktop/Work/Projects/2026_expo_templete/src/components/AppHeader.tsx",
    "statementMap": {
      "0": { "start": { "line": 17, "column": 35 }, "end": { "line": 63, "column": 1 } },
      "1": { "start": { "line": 25, "column": 17 }, "end": { "line": 25, "column": 28 } },
      "2": { "start": { "line": 27, "column": 34 }, "end": { "line": 33, "column": 3 } },
      "3": { "start": { "line": 28, "column": 4 }, "end": { "line": 32, "column": 5 } },
      "4": { "start": { "line": 29, "column": 6 }, "end": { "line": 29, "column": 28 } },
      "5": { "start": { "line": 31, "column": 6 }, "end": { "line": 31, "column": 43 } },
      "6": { "start": { "line": 35, "column": 2 }, "end": { "line": 62, "column": 4 } }
    },
    "fnMap": {
      "0": {
        "name": "(anonymous_0)",
        "decl": { "start": { "line": 17, "column": 35 }, "end": { "line": 17, "column": 36 } },
        "loc": { "start": { "line": 24, "column": 6 }, "end": { "line": 63, "column": 1 } },
        "line": 24
      },
      "1": {
        "name": "(anonymous_1)",
        "decl": { "start": { "line": 27, "column": 34 }, "end": { "line": 27, "column": 35 } },
        "loc": { "start": { "line": 27, "column": 40 }, "end": { "line": 33, "column": 3 } },
        "line": 27
      }
    },
    "branchMap": {
      "0": {
        "loc": { "start": { "line": 22, "column": 2 }, "end": { "line": 22, "column": 23 } },
        "type": "default-arg",
        "locations": [
          { "start": { "line": 22, "column": 22 }, "end": { "line": 22, "column": 23 } }
        ],
        "line": 22
      },
      "1": {
        "loc": { "start": { "line": 23, "column": 2 }, "end": { "line": 23, "column": 19 } },
        "type": "default-arg",
        "locations": [
          { "start": { "line": 23, "column": 15 }, "end": { "line": 23, "column": 19 } }
        ],
        "line": 23
      },
      "2": {
        "loc": { "start": { "line": 28, "column": 4 }, "end": { "line": 32, "column": 5 } },
        "type": "if",
        "locations": [
          { "start": { "line": 28, "column": 4 }, "end": { "line": 32, "column": 5 } },
          { "start": { "line": 30, "column": 11 }, "end": { "line": 32, "column": 5 } }
        ],
        "line": 28
      },
      "3": {
        "loc": { "start": { "line": 38, "column": 8 }, "end": { "line": 38, "column": 37 } },
        "type": "cond-expr",
        "locations": [
          { "start": { "line": 38, "column": 21 }, "end": { "line": 38, "column": 32 } },
          { "start": { "line": 38, "column": 35 }, "end": { "line": 38, "column": 37 } }
        ],
        "line": 38
      },
      "4": {
        "loc": { "start": { "line": 53, "column": 9 }, "end": { "line": 59, "column": 9 } },
        "type": "binary-expr",
        "locations": [
          { "start": { "line": 53, "column": 9 }, "end": { "line": 53, "column": 30 } },
          { "start": { "line": 54, "column": 10 }, "end": { "line": 58, "column": 17 } }
        ],
        "line": 53
      },
      "5": {
        "loc": { "start": { "line": 56, "column": 15 }, "end": { "line": 56, "column": 65 } },
        "type": "cond-expr",
        "locations": [
          { "start": { "line": 56, "column": 40 }, "end": { "line": 56, "column": 45 } },
          { "start": { "line": 56, "column": 48 }, "end": { "line": 56, "column": 65 } }
        ],
        "line": 56
      }
    },
    "s": { "0": 0, "1": 0, "2": 0, "3": 0, "4": 0, "5": 0, "6": 0 },
    "f": { "0": 0, "1": 0 },
    "b": { "0": [0], "1": [0], "2": [0, 0], "3": [0, 0], "4": [0, 0], "5": [0, 0] }
  },
  "/Users/monarchlabsinc./Desktop/Work/Projects/2026_expo_templete/src/components/ErrorBoundary.tsx": {
    "path": "/Users/monarchlabsinc./Desktop/Work/Projects/2026_expo_templete/src/components/ErrorBoundary.tsx",
    "statementMap": {
      "0": { "start": { "line": 25, "column": 4 }, "end": { "line": 25, "column": 17 } },
      "1": { "start": { "line": 26, "column": 4 }, "end": { "line": 26, "column": 70 } },
      "2": { "start": { "line": 30, "column": 4 }, "end": { "line": 30, "column": 57 } },
      "3": { "start": { "line": 34, "column": 4 }, "end": { "line": 34, "column": 58 } },
      "4": { "start": { "line": 35, "column": 4 }, "end": { "line": 35, "column": 57 } },
      "5": { "start": { "line": 38, "column": 18 }, "end": { "line": 45, "column": 3 } },
      "6": { "start": { "line": 39, "column": 4 }, "end": { "line": 44, "column": 5 } },
      "7": { "start": { "line": 40, "column": 6 }, "end": { "line": 40, "column": 34 } },
      "8": { "start": { "line": 43, "column": 6 }, "end": { "line": 43, "column": 54 } },
      "9": { "start": { "line": 48, "column": 4 }, "end": { "line": 125, "column": 5 } },
      "10": { "start": { "line": 49, "column": 6 }, "end": { "line": 124, "column": 8 } },
      "11": { "start": { "line": 87, "column": 29 }, "end": { "line": 87, "column": 84 } },
      "12": { "start": { "line": 127, "column": 4 }, "end": { "line": 127, "column": 31 } },
      "13": { "start": { "line": 131, "column": 15 }, "end": { "line": 136, "column": 2 } }
    },
    "fnMap": {
      "0": {
        "name": "(anonymous_0)",
        "decl": { "start": { "line": 24, "column": 2 }, "end": { "line": 24, "column": 3 } },
        "loc": { "start": { "line": 24, "column": 28 }, "end": { "line": 27, "column": 3 } },
        "line": 24
      },
      "1": {
        "name": "(anonymous_1)",
        "decl": { "start": { "line": 29, "column": 2 }, "end": { "line": 29, "column": 3 } },
        "loc": { "start": { "line": 29, "column": 55 }, "end": { "line": 31, "column": 3 } },
        "line": 29
      },
      "2": {
        "name": "(anonymous_2)",
        "decl": { "start": { "line": 33, "column": 2 }, "end": { "line": 33, "column": 3 } },
        "loc": { "start": { "line": 33, "column": 56 }, "end": { "line": 36, "column": 3 } },
        "line": 33
      },
      "3": {
        "name": "(anonymous_3)",
        "decl": { "start": { "line": 38, "column": 18 }, "end": { "line": 38, "column": 19 } },
        "loc": { "start": { "line": 38, "column": 30 }, "end": { "line": 45, "column": 3 } },
        "line": 38
      },
      "4": {
        "name": "(anonymous_4)",
        "decl": { "start": { "line": 47, "column": 2 }, "end": { "line": 47, "column": 3 } },
        "loc": { "start": { "line": 47, "column": 11 }, "end": { "line": 128, "column": 3 } },
        "line": 47
      },
      "5": {
        "name": "(anonymous_5)",
        "decl": { "start": { "line": 80, "column": 25 }, "end": { "line": 80, "column": 26 } },
        "loc": { "start": { "line": 80, "column": 31 }, "end": { "line": 80, "column": 33 } },
        "line": 80
      },
      "6": {
        "name": "(anonymous_6)",
        "decl": { "start": { "line": 87, "column": 23 }, "end": { "line": 87, "column": 24 } },
        "loc": { "start": { "line": 87, "column": 29 }, "end": { "line": 87, "column": 84 } },
        "line": 87
      }
    },
    "branchMap": {
      "0": {
        "loc": { "start": { "line": 48, "column": 4 }, "end": { "line": 125, "column": 5 } },
        "type": "if",
        "locations": [
          { "start": { "line": 48, "column": 4 }, "end": { "line": 125, "column": 5 } },
          { "start": {}, "end": {} }
        ],
        "line": 48
      },
      "1": {
        "loc": { "start": { "line": 93, "column": 39 }, "end": { "line": 93, "column": 80 } },
        "type": "cond-expr",
        "locations": [
          { "start": { "line": 93, "column": 64 }, "end": { "line": 93, "column": 75 } },
          { "start": { "line": 93, "column": 78 }, "end": { "line": 93, "column": 80 } }
        ],
        "line": 93
      },
      "2": {
        "loc": { "start": { "line": 98, "column": 13 }, "end": { "line": 115, "column": 13 } },
        "type": "binary-expr",
        "locations": [
          { "start": { "line": 98, "column": 13 }, "end": { "line": 98, "column": 35 } },
          { "start": { "line": 99, "column": 14 }, "end": { "line": 114, "column": 24 } }
        ],
        "line": 98
      }
    },
    "s": {
      "0": 0,
      "1": 0,
      "2": 0,
      "3": 0,
      "4": 0,
      "5": 0,
      "6": 0,
      "7": 0,
      "8": 0,
      "9": 0,
      "10": 0,
      "11": 0,
      "12": 0,
      "13": 0
    },
    "f": { "0": 0, "1": 0, "2": 0, "3": 0, "4": 0, "5": 0, "6": 0 },
    "b": { "0": [0, 0], "1": [0, 0], "2": [0, 0] }
  },
  "/Users/monarchlabsinc./Desktop/Work/Projects/2026_expo_templete/src/components/SplashView.tsx": {
    "path": "/Users/monarchlabsinc./Desktop/Work/Projects/2026_expo_templete/src/components/SplashView.tsx",
    "statementMap": {
      "0": { "start": { "line": 6, "column": 18 }, "end": { "line": 6, "column": 42 } },
      "1": { "start": { "line": 7, "column": 18 }, "end": { "line": 7, "column": 30 } },
      "2": { "start": { "line": 10, "column": 2 }, "end": { "line": 36, "column": 4 } }
    },
    "fnMap": {
      "0": {
        "name": "SplashView",
        "decl": { "start": { "line": 9, "column": 16 }, "end": { "line": 9, "column": 26 } },
        "loc": { "start": { "line": 9, "column": 29 }, "end": { "line": 37, "column": 1 } },
        "line": 9
      }
    },
    "branchMap": {},
    "s": { "0": 0, "1": 0, "2": 0 },
    "f": { "0": 0 },
    "b": {}
  },
  "/Users/monarchlabsinc./Desktop/Work/Projects/2026_expo_templete/src/components/ThemeToggle.tsx": {
    "path": "/Users/monarchlabsinc./Desktop/Work/Projects/2026_expo_templete/src/components/ThemeToggle.tsx",
    "statementMap": {
      "0": { "start": { "line": 6, "column": 27 }, "end": { "line": 39, "column": 1 } },
      "1": { "start": { "line": 7, "column": 33 }, "end": { "line": 7, "column": 43 } },
      "2": { "start": { "line": 9, "column": 85 }, "end": { "line": 13, "column": 3 } },
      "3": { "start": { "line": 15, "column": 2 }, "end": { "line": 38, "column": 4 } },
      "4": { "start": { "line": 18, "column": 8 }, "end": { "line": 35, "column": 27 } },
      "5": { "start": { "line": 20, "column": 25 }, "end": { "line": 20, "column": 45 } }
    },
    "fnMap": {
      "0": {
        "name": "(anonymous_0)",
        "decl": { "start": { "line": 6, "column": 27 }, "end": { "line": 6, "column": 28 } },
        "loc": { "start": { "line": 6, "column": 33 }, "end": { "line": 39, "column": 1 } },
        "line": 6
      },
      "1": {
        "name": "(anonymous_1)",
        "decl": { "start": { "line": 17, "column": 18 }, "end": { "line": 17, "column": 19 } },
        "loc": { "start": { "line": 18, "column": 8 }, "end": { "line": 35, "column": 27 } },
        "line": 18
      },
      "2": {
        "name": "(anonymous_2)",
        "decl": { "start": { "line": 20, "column": 19 }, "end": { "line": 20, "column": 20 } },
        "loc": { "start": { "line": 20, "column": 25 }, "end": { "line": 20, "column": 45 } },
        "line": 20
      }
    },
    "branchMap": {
      "0": {
        "loc": { "start": { "line": 22, "column": 12 }, "end": { "line": 22, "column": 75 } },
        "type": "cond-expr",
        "locations": [
          { "start": { "line": 22, "column": 32 }, "end": { "line": 22, "column": 70 } },
          { "start": { "line": 22, "column": 73 }, "end": { "line": 22, "column": 75 } }
        ],
        "line": 22
      },
      "1": {
        "loc": { "start": { "line": 28, "column": 19 }, "end": { "line": 28, "column": 60 } },
        "type": "cond-expr",
        "locations": [
          { "start": { "line": 28, "column": 39 }, "end": { "line": 28, "column": 48 } },
          { "start": { "line": 28, "column": 51 }, "end": { "line": 28, "column": 60 } }
        ],
        "line": 28
      },
      "2": {
        "loc": { "start": { "line": 30, "column": 11 }, "end": { "line": 34, "column": 11 } },
        "type": "binary-expr",
        "locations": [
          { "start": { "line": 30, "column": 11 }, "end": { "line": 30, "column": 28 } },
          { "start": { "line": 31, "column": 12 }, "end": { "line": 33, "column": 19 } }
        ],
        "line": 30
      }
    },
    "s": { "0": 0, "1": 0, "2": 0, "3": 0, "4": 0, "5": 0 },
    "f": { "0": 0, "1": 0, "2": 0 },
    "b": { "0": [0, 0], "1": [0, 0], "2": [0, 0] }
  },
  "/Users/monarchlabsinc./Desktop/Work/Projects/2026_expo_templete/src/components/UserProfile.tsx": {
    "path": "/Users/monarchlabsinc./Desktop/Work/Projects/2026_expo_templete/src/components/UserProfile.tsx",
    "statementMap": {
      "0": { "start": { "line": 11, "column": 37 }, "end": { "line": 59, "column": 1 } },
      "1": { "start": { "line": 12, "column": 38 }, "end": { "line": 12, "column": 53 } },
      "2": { "start": { "line": 15, "column": 20 }, "end": { "line": 15, "column": 86 } },
      "3": { "start": { "line": 18, "column": 22 }, "end": { "line": 26, "column": 3 } },
      "4": { "start": { "line": 19, "column": 4 }, "end": { "line": 19, "column": 26 } },
      "5": { "start": { "line": 19, "column": 15 }, "end": { "line": 19, "column": 26 } },
      "6": { "start": { "line": 20, "column": 4 }, "end": { "line": 25, "column": 23 } },
      "7": { "start": { "line": 22, "column": 29 }, "end": { "line": 22, "column": 43 } },
      "8": { "start": { "line": 28, "column": 27 }, "end": { "line": 30, "column": 3 } },
      "9": { "start": { "line": 29, "column": 4 }, "end": { "line": 29, "column": 24 } },
      "10": { "start": { "line": 32, "column": 23 }, "end": { "line": 48, "column": 3 } },
      "11": { "start": { "line": 33, "column": 4 }, "end": { "line": 39, "column": 5 } },
      "12": { "start": { "line": 34, "column": 6 }, "end": { "line": 38, "column": 8 } },
      "13": { "start": { "line": 41, "column": 4 }, "end": { "line": 47, "column": 6 } },
      "14": { "start": { "line": 50, "column": 2 }, "end": { "line": 58, "column": 4 } }
    },
    "fnMap": {
      "0": {
        "name": "(anonymous_0)",
        "decl": { "start": { "line": 11, "column": 37 }, "end": { "line": 11, "column": 38 } },
        "loc": { "start": { "line": 11, "column": 86 }, "end": { "line": 59, "column": 1 } },
        "line": 11
      },
      "1": {
        "name": "(anonymous_1)",
        "decl": { "start": { "line": 18, "column": 22 }, "end": { "line": 18, "column": 23 } },
        "loc": { "start": { "line": 18, "column": 40 }, "end": { "line": 26, "column": 3 } },
        "line": 18
      },
      "2": {
        "name": "(anonymous_2)",
        "decl": { "start": { "line": 22, "column": 11 }, "end": { "line": 22, "column": 12 } },
        "loc": { "start": { "line": 22, "column": 29 }, "end": { "line": 22, "column": 43 } },
        "line": 22
      },
      "3": {
        "name": "(anonymous_3)",
        "decl": { "start": { "line": 28, "column": 27 }, "end": { "line": 28, "column": 28 } },
        "loc": { "start": { "line": 28, "column": 33 }, "end": { "line": 30, "column": 3 } },
        "line": 28
      },
      "4": {
        "name": "(anonymous_4)",
        "decl": { "start": { "line": 32, "column": 23 }, "end": { "line": 32, "column": 24 } },
        "loc": { "start": { "line": 32, "column": 29 }, "end": { "line": 48, "column": 3 } },
        "line": 32
      }
    },
    "branchMap": {
      "0": {
        "loc": { "start": { "line": 11, "column": 61 }, "end": { "line": 11, "column": 79 } },
        "type": "default-arg",
        "locations": [
          { "start": { "line": 11, "column": 72 }, "end": { "line": 11, "column": 79 } }
        ],
        "line": 11
      },
      "1": {
        "loc": { "start": { "line": 15, "column": 20 }, "end": { "line": 15, "column": 86 } },
        "type": "cond-expr",
        "locations": [
          { "start": { "line": 15, "column": 52 }, "end": { "line": 15, "column": 61 } },
          { "start": { "line": 15, "column": 64 }, "end": { "line": 15, "column": 86 } }
        ],
        "line": 15
      },
      "2": {
        "loc": { "start": { "line": 19, "column": 4 }, "end": { "line": 19, "column": 26 } },
        "type": "if",
        "locations": [
          { "start": { "line": 19, "column": 4 }, "end": { "line": 19, "column": 26 } },
          { "start": {}, "end": {} }
        ],
        "line": 19
      },
      "3": {
        "loc": { "start": { "line": 33, "column": 4 }, "end": { "line": 39, "column": 5 } },
        "type": "if",
        "locations": [
          { "start": { "line": 33, "column": 4 }, "end": { "line": 39, "column": 5 } },
          { "start": {}, "end": {} }
        ],
        "line": 33
      }
    },
    "s": {
      "0": 0,
      "1": 0,
      "2": 0,
      "3": 0,
      "4": 0,
      "5": 0,
      "6": 0,
      "7": 0,
      "8": 0,
      "9": 0,
      "10": 0,
      "11": 0,
      "12": 0,
      "13": 0,
      "14": 0
    },
    "f": { "0": 0, "1": 0, "2": 0, "3": 0, "4": 0 },
    "b": { "0": [0], "1": [0, 0], "2": [0, 0], "3": [0, 0] }
  },
  "/Users/monarchlabsinc./Desktop/Work/Projects/2026_expo_templete/src/components/index.ts": {
    "path": "/Users/monarchlabsinc./Desktop/Work/Projects/2026_expo_templete/src/components/index.ts",
    "statementMap": {},
    "fnMap": {},
    "branchMap": {},
    "s": {},
    "f": {},
    "b": {}
  },
  "/Users/monarchlabsinc./Desktop/Work/Projects/2026_expo_templete/src/components/common/Checkbox.tsx": {
    "path": "/Users/monarchlabsinc./Desktop/Work/Projects/2026_expo_templete/src/components/common/Checkbox.tsx",
    "statementMap": {
      "0": { "start": { "line": 12, "column": 2 }, "end": { "line": 23, "column": 4 } }
    },
    "fnMap": {
      "0": {
        "name": "Checkbox",
        "decl": { "start": { "line": 11, "column": 24 }, "end": { "line": 11, "column": 32 } },
        "loc": { "start": { "line": 11, "column": 77 }, "end": { "line": 24, "column": 1 } },
        "line": 11
      }
    },
    "branchMap": {
      "0": {
        "loc": { "start": { "line": 11, "column": 35 }, "end": { "line": 11, "column": 50 } },
        "type": "default-arg",
        "locations": [
          { "start": { "line": 11, "column": 45 }, "end": { "line": 11, "column": 50 } }
        ],
        "line": 11
      },
      "1": {
        "loc": { "start": { "line": 17, "column": 8 }, "end": { "line": 17, "column": 99 } },
        "type": "cond-expr",
        "locations": [
          { "start": { "line": 17, "column": 18 }, "end": { "line": 17, "column": 51 } },
          { "start": { "line": 17, "column": 54 }, "end": { "line": 17, "column": 99 } }
        ],
        "line": 17
      },
      "2": {
        "loc": { "start": { "line": 21, "column": 7 }, "end": { "line": 21, "column": 70 } },
        "type": "binary-expr",
        "locations": [
          { "start": { "line": 21, "column": 7 }, "end": { "line": 21, "column": 14 } },
          { "start": { "line": 21, "column": 18 }, "end": { "line": 21, "column": 70 } }
        ],
        "line": 21
      }
    },
    "s": { "0": 0 },
    "f": { "0": 0 },
    "b": { "0": [0], "1": [0, 0], "2": [0, 0] }
  },
  "/Users/monarchlabsinc./Desktop/Work/Projects/2026_expo_templete/src/components/common/CustomAlert.tsx": {
    "path": "/Users/monarchlabsinc./Desktop/Work/Projects/2026_expo_templete/src/components/common/CustomAlert.tsx",
    "statementMap": {
      "0": { "start": { "line": 13, "column": 26 }, "end": { "line": 13, "column": 50 } },
      "1": { "start": { "line": 15, "column": 48 }, "end": { "line": 46, "column": 1 } },
      "2": { "start": { "line": 16, "column": 2 }, "end": { "line": 45, "column": 4 } }
    },
    "fnMap": {
      "0": {
        "name": "(anonymous_0)",
        "decl": { "start": { "line": 15, "column": 48 }, "end": { "line": 15, "column": 49 } },
        "loc": { "start": { "line": 15, "column": 88 }, "end": { "line": 46, "column": 1 } },
        "line": 15
      }
    },
    "branchMap": {},
    "s": { "0": 0, "1": 0, "2": 0 },
    "f": { "0": 0 },
    "b": {}
  },
  "/Users/monarchlabsinc./Desktop/Work/Projects/2026_expo_templete/src/components/common/ErrorMessage.tsx": {
    "path": "/Users/monarchlabsinc./Desktop/Work/Projects/2026_expo_templete/src/components/common/ErrorMessage.tsx",
    "statementMap": {
      "0": { "start": { "line": 9, "column": 38 }, "end": { "line": 15, "column": 1 } },
      "1": { "start": { "line": 10, "column": 2 }, "end": { "line": 14, "column": 4 } }
    },
    "fnMap": {
      "0": {
        "name": "(anonymous_0)",
        "decl": { "start": { "line": 9, "column": 38 }, "end": { "line": 9, "column": 39 } },
        "loc": { "start": { "line": 9, "column": 55 }, "end": { "line": 15, "column": 1 } },
        "line": 9
      }
    },
    "branchMap": {},
    "s": { "0": 0, "1": 0 },
    "f": { "0": 0 },
    "b": {}
  },
  "/Users/monarchlabsinc./Desktop/Work/Projects/2026_expo_templete/src/components/common/ExpoCamera.tsx": {
    "path": "/Users/monarchlabsinc./Desktop/Work/Projects/2026_expo_templete/src/components/common/ExpoCamera.tsx",
    "statementMap": {
      "0": { "start": { "line": 8, "column": 26 }, "end": { "line": 8, "column": 50 } },
      "1": { "start": { "line": 16, "column": 46 }, "end": { "line": 190, "column": 1 } },
      "2": { "start": { "line": 17, "column": 54 }, "end": { "line": 17, "column": 76 } },
      "3": { "start": { "line": 18, "column": 62 }, "end": { "line": 18, "column": 88 } },
      "4": { "start": { "line": 20, "column": 30 }, "end": { "line": 20, "column": 49 } },
      "5": { "start": { "line": 21, "column": 44 }, "end": { "line": 21, "column": 59 } },
      "6": { "start": { "line": 22, "column": 30 }, "end": { "line": 22, "column": 64 } },
      "7": { "start": { "line": 23, "column": 40 }, "end": { "line": 23, "column": 55 } },
      "8": { "start": { "line": 24, "column": 46 }, "end": { "line": 24, "column": 61 } },
      "9": { "start": { "line": 25, "column": 46 }, "end": { "line": 25, "column": 58 } },
      "10": { "start": { "line": 27, "column": 12 }, "end": { "line": 27, "column": 30 } },
      "11": { "start": { "line": 29, "column": 30 }, "end": { "line": 34, "column": 9 } },
      "12": { "start": { "line": 30, "column": 4 }, "end": { "line": 33, "column": 6 } },
      "13": { "start": { "line": 36, "column": 35 }, "end": { "line": 41, "column": 9 } },
      "14": { "start": { "line": 37, "column": 18 }, "end": { "line": 37, "column": 57 } },
      "15": { "start": { "line": 38, "column": 4 }, "end": { "line": 40, "column": 6 } },
      "16": { "start": { "line": 43, "column": 18 }, "end": { "line": 45, "column": 3 } },
      "17": { "start": { "line": 44, "column": 4 }, "end": { "line": 44, "column": 62 } },
      "18": { "start": { "line": 44, "column": 25 }, "end": { "line": 44, "column": 59 } },
      "19": { "start": { "line": 47, "column": 22 }, "end": { "line": 49, "column": 3 } },
      "20": { "start": { "line": 48, "column": 4 }, "end": { "line": 48, "column": 36 } },
      "21": { "start": { "line": 48, "column": 29 }, "end": { "line": 48, "column": 34 } },
      "22": { "start": { "line": 51, "column": 2 }, "end": { "line": 56, "column": 19 } },
      "23": { "start": { "line": 52, "column": 4 }, "end": { "line": 55, "column": 5 } },
      "24": { "start": { "line": 53, "column": 6 }, "end": { "line": 53, "column": 32 } },
      "25": { "start": { "line": 54, "column": 6 }, "end": { "line": 54, "column": 36 } },
      "26": { "start": { "line": 58, "column": 22 }, "end": { "line": 72, "column": 3 } },
      "27": { "start": { "line": 59, "column": 4 }, "end": { "line": 59, "column": 24 } },
      "28": { "start": { "line": 59, "column": 17 }, "end": { "line": 59, "column": 24 } },
      "29": { "start": { "line": 60, "column": 4 }, "end": { "line": 71, "column": 5 } },
      "30": { "start": { "line": 61, "column": 19 }, "end": { "line": 64, "column": 8 } },
      "31": { "start": { "line": 65, "column": 6 }, "end": { "line": 65, "column": 41 } },
      "32": { "start": { "line": 66, "column": 6 }, "end": { "line": 68, "column": 14 } },
      "33": { "start": { "line": 67, "column": 8 }, "end": { "line": 67, "column": 32 } },
      "34": { "start": { "line": 70, "column": 6 }, "end": { "line": 70, "column": 23 } },
      "35": { "start": { "line": 74, "column": 2 }, "end": { "line": 76, "column": 3 } },
      "36": { "start": { "line": 75, "column": 4 }, "end": { "line": 75, "column": 20 } },
      "37": { "start": { "line": 78, "column": 2 }, "end": { "line": 95, "column": 3 } },
      "38": { "start": { "line": 79, "column": 4 }, "end": { "line": 94, "column": 6 } },
      "39": { "start": { "line": 87, "column": 12 }, "end": { "line": 87, "column": 38 } },
      "40": { "start": { "line": 88, "column": 12 }, "end": { "line": 88, "column": 42 } },
      "41": { "start": { "line": 97, "column": 2 }, "end": { "line": 189, "column": 4 } },
      "42": { "start": { "line": 104, "column": 35 }, "end": { "line": 104, "column": 49 } },
      "43": { "start": { "line": 108, "column": 37 }, "end": { "line": 108, "column": 59 } },
      "44": { "start": { "line": 116, "column": 18 }, "end": { "line": 116, "column": 51 } },
      "45": { "start": { "line": 116, "column": 37 }, "end": { "line": 116, "column": 51 } },
      "46": { "start": { "line": 167, "column": 20 }, "end": { "line": 167, "column": 45 } },
      "47": { "start": { "line": 176, "column": 20 }, "end": { "line": 176, "column": 45 } },
      "48": { "start": { "line": 177, "column": 20 }, "end": { "line": 177, "column": 45 } },
      "49": { "start": { "line": 178, "column": 20 }, "end": { "line": 178, "column": 30 } }
    },
    "fnMap": {
      "0": {
        "name": "(anonymous_0)",
        "decl": { "start": { "line": 16, "column": 46 }, "end": { "line": 16, "column": 47 } },
        "loc": { "start": { "line": 16, "column": 85 }, "end": { "line": 190, "column": 1 } },
        "line": 16
      },
      "1": {
        "name": "(anonymous_1)",
        "decl": { "start": { "line": 29, "column": 47 }, "end": { "line": 29, "column": 48 } },
        "loc": { "start": { "line": 29, "column": 53 }, "end": { "line": 34, "column": 3 } },
        "line": 29
      },
      "2": {
        "name": "(anonymous_2)",
        "decl": { "start": { "line": 36, "column": 52 }, "end": { "line": 36, "column": 53 } },
        "loc": { "start": { "line": 36, "column": 58 }, "end": { "line": 41, "column": 3 } },
        "line": 36
      },
      "3": {
        "name": "(anonymous_3)",
        "decl": { "start": { "line": 43, "column": 18 }, "end": { "line": 43, "column": 19 } },
        "loc": { "start": { "line": 43, "column": 24 }, "end": { "line": 45, "column": 3 } },
        "line": 43
      },
      "4": {
        "name": "(anonymous_4)",
        "decl": { "start": { "line": 44, "column": 14 }, "end": { "line": 44, "column": 15 } },
        "loc": { "start": { "line": 44, "column": 25 }, "end": { "line": 44, "column": 59 } },
        "line": 44
      },
      "5": {
        "name": "(anonymous_5)",
        "decl": { "start": { "line": 47, "column": 22 }, "end": { "line": 47, "column": 23 } },
        "loc": { "start": { "line": 47, "column": 28 }, "end": { "line": 49, "column": 3 } },
        "line": 47
      },
      "6": {
        "name": "(anonymous_6)",
        "decl": { "start": { "line": 48, "column": 19 }, "end": { "line": 48, "column": 20 } },
        "loc": { "start": { "line": 48, "column": 29 }, "end": { "line": 48, "column": 34 } },
        "line": 48
      },
      "7": {
        "name": "(anonymous_7)",
        "decl": { "start": { "line": 51, "column": 12 }, "end": { "line": 51, "column": 13 } },
        "loc": { "start": { "line": 51, "column": 18 }, "end": { "line": 56, "column": 3 } },
        "line": 51
      },
      "8": {
        "name": "(anonymous_8)",
        "decl": { "start": { "line": 58, "column": 22 }, "end": { "line": 58, "column": 23 } },
        "loc": { "start": { "line": 58, "column": 34 }, "end": { "line": 72, "column": 3 } },
        "line": 58
      },
      "9": {
        "name": "(anonymous_9)",
        "decl": { "start": { "line": 66, "column": 17 }, "end": { "line": 66, "column": 18 } },
        "loc": { "start": { "line": 66, "column": 23 }, "end": { "line": 68, "column": 7 } },
        "line": 66
      },
      "10": {
        "name": "(anonymous_10)",
        "decl": { "start": { "line": 86, "column": 19 }, "end": { "line": 86, "column": 20 } },
        "loc": { "start": { "line": 86, "column": 25 }, "end": { "line": 89, "column": 11 } },
        "line": 86
      },
      "11": {
        "name": "(anonymous_11)",
        "decl": { "start": { "line": 104, "column": 21 }, "end": { "line": 104, "column": 22 } },
        "loc": { "start": { "line": 104, "column": 35 }, "end": { "line": 104, "column": 49 } },
        "line": 104
      },
      "12": {
        "name": "(anonymous_12)",
        "decl": { "start": { "line": 108, "column": 31 }, "end": { "line": 108, "column": 32 } },
        "loc": { "start": { "line": 108, "column": 37 }, "end": { "line": 108, "column": 59 } },
        "line": 108
      },
      "13": {
        "name": "(anonymous_13)",
        "decl": { "start": { "line": 115, "column": 25 }, "end": { "line": 115, "column": 26 } },
        "loc": { "start": { "line": 115, "column": 31 }, "end": { "line": 117, "column": 17 } },
        "line": 115
      },
      "14": {
        "name": "(anonymous_14)",
        "decl": { "start": { "line": 166, "column": 27 }, "end": { "line": 166, "column": 28 } },
        "loc": { "start": { "line": 166, "column": 33 }, "end": { "line": 168, "column": 19 } },
        "line": 166
      },
      "15": {
        "name": "(anonymous_15)",
        "decl": { "start": { "line": 175, "column": 27 }, "end": { "line": 175, "column": 28 } },
        "loc": { "start": { "line": 175, "column": 33 }, "end": { "line": 179, "column": 19 } },
        "line": 175
      }
    },
    "branchMap": {
      "0": {
        "loc": { "start": { "line": 44, "column": 25 }, "end": { "line": 44, "column": 59 } },
        "type": "cond-expr",
        "locations": [
          { "start": { "line": 44, "column": 43 }, "end": { "line": 44, "column": 50 } },
          { "start": { "line": 44, "column": 53 }, "end": { "line": 44, "column": 59 } }
        ],
        "line": 44
      },
      "1": {
        "loc": { "start": { "line": 52, "column": 4 }, "end": { "line": 55, "column": 5 } },
        "type": "if",
        "locations": [
          { "start": { "line": 52, "column": 4 }, "end": { "line": 55, "column": 5 } },
          { "start": {}, "end": {} }
        ],
        "line": 52
      },
      "2": {
        "loc": { "start": { "line": 59, "column": 4 }, "end": { "line": 59, "column": 24 } },
        "type": "if",
        "locations": [
          { "start": { "line": 59, "column": 4 }, "end": { "line": 59, "column": 24 } },
          { "start": {}, "end": {} }
        ],
        "line": 59
      },
      "3": {
        "loc": { "start": { "line": 65, "column": 24 }, "end": { "line": 65, "column": 39 } },
        "type": "binary-expr",
        "locations": [
          { "start": { "line": 65, "column": 24 }, "end": { "line": 65, "column": 33 } },
          { "start": { "line": 65, "column": 37 }, "end": { "line": 65, "column": 39 } }
        ],
        "line": 65
      },
      "4": {
        "loc": { "start": { "line": 74, "column": 2 }, "end": { "line": 76, "column": 3 } },
        "type": "if",
        "locations": [
          { "start": { "line": 74, "column": 2 }, "end": { "line": 76, "column": 3 } },
          { "start": {}, "end": {} }
        ],
        "line": 74
      },
      "5": {
        "loc": { "start": { "line": 74, "column": 6 }, "end": { "line": 74, "column": 48 } },
        "type": "binary-expr",
        "locations": [
          { "start": { "line": 74, "column": 6 }, "end": { "line": 74, "column": 23 } },
          { "start": { "line": 74, "column": 27 }, "end": { "line": 74, "column": 48 } }
        ],
        "line": 74
      },
      "6": {
        "loc": { "start": { "line": 78, "column": 2 }, "end": { "line": 95, "column": 3 } },
        "type": "if",
        "locations": [
          { "start": { "line": 78, "column": 2 }, "end": { "line": 95, "column": 3 } },
          { "start": {}, "end": {} }
        ],
        "line": 78
      },
      "7": {
        "loc": { "start": { "line": 78, "column": 6 }, "end": { "line": 78, "column": 64 } },
        "type": "binary-expr",
        "locations": [
          { "start": { "line": 78, "column": 6 }, "end": { "line": 78, "column": 31 } },
          { "start": { "line": 78, "column": 35 }, "end": { "line": 78, "column": 64 } }
        ],
        "line": 78
      },
      "8": {
        "loc": { "start": { "line": 98, "column": 4 }, "end": { "line": 188, "column": 5 } },
        "type": "binary-expr",
        "locations": [
          { "start": { "line": 98, "column": 4 }, "end": { "line": 98, "column": 14 } },
          { "start": { "line": 99, "column": 6 }, "end": { "line": 187, "column": 13 } }
        ],
        "line": 98
      },
      "9": {
        "loc": { "start": { "line": 101, "column": 11 }, "end": { "line": 185, "column": 11 } },
        "type": "cond-expr",
        "locations": [
          { "start": { "line": 102, "column": 12 }, "end": { "line": 153, "column": 19 } },
          { "start": { "line": 155, "column": 12 }, "end": { "line": 184, "column": 19 } }
        ],
        "line": 101
      },
      "10": {
        "loc": { "start": { "line": 116, "column": 18 }, "end": { "line": 116, "column": 51 } },
        "type": "if",
        "locations": [
          { "start": { "line": 116, "column": 18 }, "end": { "line": 116, "column": 51 } },
          { "start": {}, "end": {} }
        ],
        "line": 116
      },
      "11": {
        "loc": { "start": { "line": 146, "column": 28 }, "end": { "line": 146, "column": 79 } },
        "type": "cond-expr",
        "locations": [
          { "start": { "line": 146, "column": 42 }, "end": { "line": 146, "column": 61 } },
          { "start": { "line": 146, "column": 64 }, "end": { "line": 146, "column": 79 } }
        ],
        "line": 146
      }
    },
    "s": {
      "0": 0,
      "1": 0,
      "2": 0,
      "3": 0,
      "4": 0,
      "5": 0,
      "6": 0,
      "7": 0,
      "8": 0,
      "9": 0,
      "10": 0,
      "11": 0,
      "12": 0,
      "13": 0,
      "14": 0,
      "15": 0,
      "16": 0,
      "17": 0,
      "18": 0,
      "19": 0,
      "20": 0,
      "21": 0,
      "22": 0,
      "23": 0,
      "24": 0,
      "25": 0,
      "26": 0,
      "27": 0,
      "28": 0,
      "29": 0,
      "30": 0,
      "31": 0,
      "32": 0,
      "33": 0,
      "34": 0,
      "35": 0,
      "36": 0,
      "37": 0,
      "38": 0,
      "39": 0,
      "40": 0,
      "41": 0,
      "42": 0,
      "43": 0,
      "44": 0,
      "45": 0,
      "46": 0,
      "47": 0,
      "48": 0,
      "49": 0
    },
    "f": {
      "0": 0,
      "1": 0,
      "2": 0,
      "3": 0,
      "4": 0,
      "5": 0,
      "6": 0,
      "7": 0,
      "8": 0,
      "9": 0,
      "10": 0,
      "11": 0,
      "12": 0,
      "13": 0,
      "14": 0,
      "15": 0
    },
    "b": {
      "0": [0, 0],
      "1": [0, 0],
      "2": [0, 0],
      "3": [0, 0],
      "4": [0, 0],
      "5": [0, 0],
      "6": [0, 0],
      "7": [0, 0],
      "8": [0, 0],
      "9": [0, 0],
      "10": [0, 0],
      "11": [0, 0]
    }
  },
  "/Users/monarchlabsinc./Desktop/Work/Projects/2026_expo_templete/src/components/common/GooglePlacesPicker.tsx": {
    "path": "/Users/monarchlabsinc./Desktop/Work/Projects/2026_expo_templete/src/components/common/GooglePlacesPicker.tsx",
    "statementMap": {
      "0": { "start": { "line": 13, "column": 27 }, "end": { "line": 13, "column": 29 } },
      "1": { "start": { "line": 15, "column": 27 }, "end": { "line": 81, "column": 1 } },
      "2": { "start": { "line": 16, "column": 14 }, "end": { "line": 16, "column": 31 } },
      "3": { "start": { "line": 18, "column": 2 }, "end": { "line": 80, "column": 4 } },
      "4": { "start": { "line": 47, "column": 10 }, "end": { "line": 47, "column": 76 } },
      "5": { "start": { "line": 49, "column": 32 }, "end": { "line": 49, "column": 52 } },
      "6": { "start": { "line": 51, "column": 10 }, "end": { "line": 53, "column": 17 } }
    },
    "fnMap": {
      "0": {
        "name": "(anonymous_0)",
        "decl": { "start": { "line": 15, "column": 27 }, "end": { "line": 15, "column": 28 } },
        "loc": { "start": { "line": 15, "column": 66 }, "end": { "line": 81, "column": 1 } },
        "line": 15
      },
      "1": {
        "name": "(anonymous_1)",
        "decl": { "start": { "line": 46, "column": 17 }, "end": { "line": 46, "column": 18 } },
        "loc": { "start": { "line": 46, "column": 46 }, "end": { "line": 48, "column": 9 } },
        "line": 46
      },
      "2": {
        "name": "(anonymous_2)",
        "decl": { "start": { "line": 49, "column": 16 }, "end": { "line": 49, "column": 17 } },
        "loc": { "start": { "line": 49, "column": 32 }, "end": { "line": 49, "column": 52 } },
        "line": 49
      },
      "3": {
        "name": "(anonymous_3)",
        "decl": { "start": { "line": 50, "column": 28 }, "end": { "line": 50, "column": 29 } },
        "loc": { "start": { "line": 51, "column": 10 }, "end": { "line": 53, "column": 17 } },
        "line": 51
      }
    },
    "branchMap": {
      "0": {
        "loc": { "start": { "line": 20, "column": 7 }, "end": { "line": 24, "column": 7 } },
        "type": "binary-expr",
        "locations": [
          { "start": { "line": 20, "column": 7 }, "end": { "line": 20, "column": 12 } },
          { "start": { "line": 21, "column": 8 }, "end": { "line": 23, "column": 15 } }
        ],
        "line": 20
      },
      "1": {
        "loc": { "start": { "line": 63, "column": 25 }, "end": { "line": 63, "column": 54 } },
        "type": "cond-expr",
        "locations": [
          { "start": { "line": 63, "column": 33 }, "end": { "line": 63, "column": 42 } },
          { "start": { "line": 63, "column": 45 }, "end": { "line": 63, "column": 54 } }
        ],
        "line": 63
      }
    },
    "s": { "0": 0, "1": 0, "2": 0, "3": 0, "4": 0, "5": 0, "6": 0 },
    "f": { "0": 0, "1": 0, "2": 0, "3": 0 },
    "b": { "0": [0, 0], "1": [0, 0] }
  },
  "/Users/monarchlabsinc./Desktop/Work/Projects/2026_expo_templete/src/components/common/HighlightText.tsx": {
    "path": "/Users/monarchlabsinc./Desktop/Work/Projects/2026_expo_templete/src/components/common/HighlightText.tsx",
    "statementMap": {
      "0": { "start": { "line": 10, "column": 2 }, "end": { "line": 14, "column": 4 } }
    },
    "fnMap": {
      "0": {
        "name": "HighlightText",
        "decl": { "start": { "line": 9, "column": 24 }, "end": { "line": 9, "column": 37 } },
        "loc": { "start": { "line": 9, "column": 62 }, "end": { "line": 15, "column": 1 } },
        "line": 9
      }
    },
    "branchMap": {},
    "s": { "0": 0 },
    "f": { "0": 0 },
    "b": {}
  },
  "/Users/monarchlabsinc./Desktop/Work/Projects/2026_expo_templete/src/components/common/InnerScreenHeader.tsx": {
    "path": "/Users/monarchlabsinc./Desktop/Work/Projects/2026_expo_templete/src/components/common/InnerScreenHeader.tsx",
    "statementMap": {
      "0": { "start": { "line": 12, "column": 17 }, "end": { "line": 12, "column": 28 } },
      "1": { "start": { "line": 14, "column": 2 }, "end": { "line": 31, "column": 4 } },
      "2": { "start": { "line": 20, "column": 23 }, "end": { "line": 20, "column": 36 } }
    },
    "fnMap": {
      "0": {
        "name": "InnerScreenHeader",
        "decl": { "start": { "line": 11, "column": 24 }, "end": { "line": 11, "column": 41 } },
        "loc": { "start": { "line": 11, "column": 60 }, "end": { "line": 32, "column": 1 } },
        "line": 11
      },
      "1": {
        "name": "(anonymous_1)",
        "decl": { "start": { "line": 20, "column": 17 }, "end": { "line": 20, "column": 18 } },
        "loc": { "start": { "line": 20, "column": 23 }, "end": { "line": 20, "column": 36 } },
        "line": 20
      }
    },
    "branchMap": {},
    "s": { "0": 0, "1": 0, "2": 0 },
    "f": { "0": 0, "1": 0 },
    "b": {}
  },
  "/Users/monarchlabsinc./Desktop/Work/Projects/2026_expo_templete/src/components/common/Loader.tsx": {
    "path": "/Users/monarchlabsinc./Desktop/Work/Projects/2026_expo_templete/src/components/common/Loader.tsx",
    "statementMap": {
      "0": { "start": { "line": 9, "column": 32 }, "end": { "line": 19, "column": 1 } },
      "1": { "start": { "line": 10, "column": 2 }, "end": { "line": 10, "column": 30 } },
      "2": { "start": { "line": 10, "column": 18 }, "end": { "line": 10, "column": 30 } },
      "3": { "start": { "line": 11, "column": 2 }, "end": { "line": 18, "column": 4 } }
    },
    "fnMap": {
      "0": {
        "name": "(anonymous_0)",
        "decl": { "start": { "line": 9, "column": 32 }, "end": { "line": 9, "column": 33 } },
        "loc": { "start": { "line": 9, "column": 75 }, "end": { "line": 19, "column": 1 } },
        "line": 9
      }
    },
    "branchMap": {
      "0": {
        "loc": { "start": { "line": 9, "column": 35 }, "end": { "line": 9, "column": 50 } },
        "type": "default-arg",
        "locations": [{ "start": { "line": 9, "column": 43 }, "end": { "line": 9, "column": 50 } }],
        "line": 9
      },
      "1": {
        "loc": { "start": { "line": 9, "column": 52 }, "end": { "line": 9, "column": 68 } },
        "type": "default-arg",
        "locations": [{ "start": { "line": 9, "column": 64 }, "end": { "line": 9, "column": 68 } }],
        "line": 9
      },
      "2": {
        "loc": { "start": { "line": 10, "column": 2 }, "end": { "line": 10, "column": 30 } },
        "type": "if",
        "locations": [
          { "start": { "line": 10, "column": 2 }, "end": { "line": 10, "column": 30 } },
          { "start": {}, "end": {} }
        ],
        "line": 10
      }
    },
    "s": { "0": 0, "1": 0, "2": 0, "3": 0 },
    "f": { "0": 0 },
    "b": { "0": [0], "1": [0], "2": [0, 0] }
  },
  "/Users/monarchlabsinc./Desktop/Work/Projects/2026_expo_templete/src/components/common/Logo.tsx": {
    "path": "/Users/monarchlabsinc./Desktop/Work/Projects/2026_expo_templete/src/components/common/Logo.tsx",
    "statementMap": {
      "0": { "start": { "line": 9, "column": 41 }, "end": { "line": 30, "column": 1 } },
      "1": { "start": { "line": 10, "column": 2 }, "end": { "line": 29, "column": 4 } }
    },
    "fnMap": {
      "0": {
        "name": "(anonymous_0)",
        "decl": { "start": { "line": 9, "column": 41 }, "end": { "line": 9, "column": 42 } },
        "loc": { "start": { "line": 9, "column": 82 }, "end": { "line": 30, "column": 1 } },
        "line": 9
      }
    },
    "branchMap": {
      "0": {
        "loc": { "start": { "line": 9, "column": 44 }, "end": { "line": 9, "column": 54 } },
        "type": "default-arg",
        "locations": [{ "start": { "line": 9, "column": 51 }, "end": { "line": 9, "column": 54 } }],
        "line": 9
      }
    },
    "s": { "0": 0, "1": 0 },
    "f": { "0": 0 },
    "b": { "0": [0] }
  },
  "/Users/monarchlabsinc./Desktop/Work/Projects/2026_expo_templete/src/components/common/MapViewComponent.tsx": {
    "path": "/Users/monarchlabsinc./Desktop/Work/Projects/2026_expo_templete/src/components/common/MapViewComponent.tsx",
    "statementMap": {
      "0": { "start": { "line": 10, "column": 42 }, "end": { "line": 37, "column": 1 } },
      "1": { "start": { "line": 11, "column": 2 }, "end": { "line": 11, "column": 24 } },
      "2": { "start": { "line": 11, "column": 12 }, "end": { "line": 11, "column": 24 } },
      "3": { "start": { "line": 13, "column": 2 }, "end": { "line": 36, "column": 4 } }
    },
    "fnMap": {
      "0": {
        "name": "(anonymous_0)",
        "decl": { "start": { "line": 10, "column": 42 }, "end": { "line": 10, "column": 43 } },
        "loc": { "start": { "line": 10, "column": 60 }, "end": { "line": 37, "column": 1 } },
        "line": 10
      }
    },
    "branchMap": {
      "0": {
        "loc": { "start": { "line": 11, "column": 2 }, "end": { "line": 11, "column": 24 } },
        "type": "if",
        "locations": [
          { "start": { "line": 11, "column": 2 }, "end": { "line": 11, "column": 24 } },
          { "start": {}, "end": {} }
        ],
        "line": 11
      },
      "1": {
        "loc": { "start": { "line": 20, "column": 20 }, "end": { "line": 20, "column": 34 } },
        "type": "binary-expr",
        "locations": [
          { "start": { "line": 20, "column": 20 }, "end": { "line": 20, "column": 23 } },
          { "start": { "line": 20, "column": 27 }, "end": { "line": 20, "column": 34 } }
        ],
        "line": 20
      },
      "2": {
        "loc": { "start": { "line": 21, "column": 21 }, "end": { "line": 21, "column": 35 } },
        "type": "binary-expr",
        "locations": [
          { "start": { "line": 21, "column": 21 }, "end": { "line": 21, "column": 24 } },
          { "start": { "line": 21, "column": 28 }, "end": { "line": 21, "column": 35 } }
        ],
        "line": 21
      },
      "3": {
        "loc": { "start": { "line": 28, "column": 22 }, "end": { "line": 28, "column": 36 } },
        "type": "binary-expr",
        "locations": [
          { "start": { "line": 28, "column": 22 }, "end": { "line": 28, "column": 25 } },
          { "start": { "line": 28, "column": 29 }, "end": { "line": 28, "column": 36 } }
        ],
        "line": 28
      },
      "4": {
        "loc": { "start": { "line": 29, "column": 23 }, "end": { "line": 29, "column": 37 } },
        "type": "binary-expr",
        "locations": [
          { "start": { "line": 29, "column": 23 }, "end": { "line": 29, "column": 26 } },
          { "start": { "line": 29, "column": 30 }, "end": { "line": 29, "column": 37 } }
        ],
        "line": 29
      }
    },
    "s": { "0": 0, "1": 0, "2": 0, "3": 0 },
    "f": { "0": 0 },
    "b": { "0": [0, 0], "1": [0, 0], "2": [0, 0], "3": [0, 0], "4": [0, 0] }
  },
  "/Users/monarchlabsinc./Desktop/Work/Projects/2026_expo_templete/src/components/common/PrimaryButton.tsx": {
    "path": "/Users/monarchlabsinc./Desktop/Work/Projects/2026_expo_templete/src/components/common/PrimaryButton.tsx",
    "statementMap": {
      "0": { "start": { "line": 34, "column": 22 }, "end": { "line": 39, "column": 3 } },
      "1": { "start": { "line": 35, "column": 4 }, "end": { "line": 38, "column": 5 } },
      "2": { "start": { "line": 36, "column": 6 }, "end": { "line": 36, "column": 62 } },
      "3": { "start": { "line": 37, "column": 6 }, "end": { "line": 37, "column": 16 } },
      "4": { "start": { "line": 41, "column": 2 }, "end": { "line": 60, "column": 4 } }
    },
    "fnMap": {
      "0": {
        "name": "PrimaryButton",
        "decl": { "start": { "line": 24, "column": 24 }, "end": { "line": 24, "column": 37 } },
        "loc": { "start": { "line": 33, "column": 10 }, "end": { "line": 61, "column": 1 } },
        "line": 33
      },
      "1": {
        "name": "(anonymous_1)",
        "decl": { "start": { "line": 34, "column": 22 }, "end": { "line": 34, "column": 23 } },
        "loc": { "start": { "line": 34, "column": 28 }, "end": { "line": 39, "column": 3 } },
        "line": 34
      }
    },
    "branchMap": {
      "0": {
        "loc": { "start": { "line": 27, "column": 2 }, "end": { "line": 27, "column": 16 } },
        "type": "default-arg",
        "locations": [
          { "start": { "line": 27, "column": 14 }, "end": { "line": 27, "column": 16 } }
        ],
        "line": 27
      },
      "1": {
        "loc": { "start": { "line": 28, "column": 2 }, "end": { "line": 28, "column": 30 } },
        "type": "default-arg",
        "locations": [
          { "start": { "line": 28, "column": 18 }, "end": { "line": 28, "column": 30 } }
        ],
        "line": 28
      },
      "2": {
        "loc": { "start": { "line": 30, "column": 2 }, "end": { "line": 30, "column": 19 } },
        "type": "default-arg",
        "locations": [
          { "start": { "line": 30, "column": 14 }, "end": { "line": 30, "column": 19 } }
        ],
        "line": 30
      },
      "3": {
        "loc": { "start": { "line": 35, "column": 4 }, "end": { "line": 38, "column": 5 } },
        "type": "if",
        "locations": [
          { "start": { "line": 35, "column": 4 }, "end": { "line": 38, "column": 5 } },
          { "start": {}, "end": {} }
        ],
        "line": 35
      },
      "4": {
        "loc": { "start": { "line": 35, "column": 8 }, "end": { "line": 35, "column": 42 } },
        "type": "binary-expr",
        "locations": [
          { "start": { "line": 35, "column": 8 }, "end": { "line": 35, "column": 15 } },
          { "start": { "line": 35, "column": 19 }, "end": { "line": 35, "column": 29 } },
          { "start": { "line": 35, "column": 33 }, "end": { "line": 35, "column": 42 } }
        ],
        "line": 35
      },
      "5": {
        "loc": { "start": { "line": 44, "column": 8 }, "end": { "line": 44, "column": 49 } },
        "type": "cond-expr",
        "locations": [
          { "start": { "line": 44, "column": 32 }, "end": { "line": 44, "column": 44 } },
          { "start": { "line": 44, "column": 47 }, "end": { "line": 44, "column": 49 } }
        ],
        "line": 44
      },
      "6": {
        "loc": { "start": { "line": 44, "column": 8 }, "end": { "line": 44, "column": 29 } },
        "type": "binary-expr",
        "locations": [
          { "start": { "line": 44, "column": 8 }, "end": { "line": 44, "column": 17 } },
          { "start": { "line": 44, "column": 21 }, "end": { "line": 44, "column": 29 } }
        ],
        "line": 44
      },
      "7": {
        "loc": { "start": { "line": 48, "column": 16 }, "end": { "line": 48, "column": 37 } },
        "type": "binary-expr",
        "locations": [
          { "start": { "line": 48, "column": 16 }, "end": { "line": 48, "column": 25 } },
          { "start": { "line": 48, "column": 29 }, "end": { "line": 48, "column": 37 } }
        ],
        "line": 48
      },
      "8": {
        "loc": { "start": { "line": 51, "column": 7 }, "end": { "line": 58, "column": 7 } },
        "type": "cond-expr",
        "locations": [
          { "start": { "line": 52, "column": 8 }, "end": { "line": 52, "column": 58 } },
          { "start": { "line": 54, "column": 8 }, "end": { "line": 57, "column": 15 } }
        ],
        "line": 51
      },
      "9": {
        "loc": { "start": { "line": 55, "column": 11 }, "end": { "line": 55, "column": 55 } },
        "type": "binary-expr",
        "locations": [
          { "start": { "line": 55, "column": 11 }, "end": { "line": 55, "column": 15 } },
          { "start": { "line": 55, "column": 19 }, "end": { "line": 55, "column": 55 } }
        ],
        "line": 55
      }
    },
    "s": { "0": 0, "1": 0, "2": 0, "3": 0, "4": 0 },
    "f": { "0": 0, "1": 0 },
    "b": {
      "0": [0],
      "1": [0],
      "2": [0],
      "3": [0, 0],
      "4": [0, 0, 0],
      "5": [0, 0],
      "6": [0, 0],
      "7": [0, 0],
      "8": [0, 0],
      "9": [0, 0]
    }
  },
  "/Users/monarchlabsinc./Desktop/Work/Projects/2026_expo_templete/src/components/common/ProfileImagePicker.tsx": {
    "path": "/Users/monarchlabsinc./Desktop/Work/Projects/2026_expo_templete/src/components/common/ProfileImagePicker.tsx",
    "statementMap": {
      "0": { "start": { "line": 14, "column": 19 }, "end": { "line": 14, "column": 28 } },
      "1": { "start": { "line": 16, "column": 20 }, "end": { "line": 31, "column": 3 } },
      "2": { "start": { "line": 17, "column": 19 }, "end": { "line": 23, "column": 6 } },
      "3": { "start": { "line": 25, "column": 4 }, "end": { "line": 30, "column": 5 } },
      "4": { "start": { "line": 26, "column": 21 }, "end": { "line": 26, "column": 55 } },
      "5": { "start": { "line": 27, "column": 6 }, "end": { "line": 29, "column": 7 } },
      "6": { "start": { "line": 28, "column": 8 }, "end": { "line": 28, "column": 34 } },
      "7": { "start": { "line": 33, "column": 2 }, "end": { "line": 57, "column": 4 } }
    },
    "fnMap": {
      "0": {
        "name": "ProfileImagePicker",
        "decl": { "start": { "line": 13, "column": 24 }, "end": { "line": 13, "column": 42 } },
        "loc": { "start": { "line": 13, "column": 76 }, "end": { "line": 58, "column": 1 } },
        "line": 13
      },
      "1": {
        "name": "(anonymous_1)",
        "decl": { "start": { "line": 16, "column": 20 }, "end": { "line": 16, "column": 21 } },
        "loc": { "start": { "line": 16, "column": 32 }, "end": { "line": 31, "column": 3 } },
        "line": 16
      }
    },
    "branchMap": {
      "0": {
        "loc": { "start": { "line": 25, "column": 4 }, "end": { "line": 30, "column": 5 } },
        "type": "if",
        "locations": [
          { "start": { "line": 25, "column": 4 }, "end": { "line": 30, "column": 5 } },
          { "start": {}, "end": {} }
        ],
        "line": 25
      },
      "1": {
        "loc": { "start": { "line": 26, "column": 21 }, "end": { "line": 26, "column": 55 } },
        "type": "binary-expr",
        "locations": [
          { "start": { "line": 26, "column": 21 }, "end": { "line": 26, "column": 35 } },
          { "start": { "line": 26, "column": 39 }, "end": { "line": 26, "column": 55 } }
        ],
        "line": 26
      },
      "2": {
        "loc": { "start": { "line": 27, "column": 6 }, "end": { "line": 29, "column": 7 } },
        "type": "if",
        "locations": [
          { "start": { "line": 27, "column": 6 }, "end": { "line": 29, "column": 7 } },
          { "start": {}, "end": {} }
        ],
        "line": 27
      },
      "3": {
        "loc": { "start": { "line": 27, "column": 10 }, "end": { "line": 27, "column": 30 } },
        "type": "binary-expr",
        "locations": [
          { "start": { "line": 27, "column": 10 }, "end": { "line": 27, "column": 16 } },
          { "start": { "line": 27, "column": 20 }, "end": { "line": 27, "column": 30 } }
        ],
        "line": 27
      },
      "4": {
        "loc": { "start": { "line": 35, "column": 7 }, "end": { "line": 48, "column": 7 } },
        "type": "cond-expr",
        "locations": [
          { "start": { "line": 36, "column": 8 }, "end": { "line": 39, "column": 10 } },
          { "start": { "line": 41, "column": 8 }, "end": { "line": 47, "column": 15 } }
        ],
        "line": 35
      },
      "5": {
        "loc": { "start": { "line": 45, "column": 13 }, "end": { "line": 45, "column": 65 } },
        "type": "cond-expr",
        "locations": [
          { "start": { "line": 45, "column": 26 }, "end": { "line": 45, "column": 59 } },
          { "start": { "line": 45, "column": 62 }, "end": { "line": 45, "column": 65 } }
        ],
        "line": 45
      }
    },
    "s": { "0": 0, "1": 0, "2": 0, "3": 0, "4": 0, "5": 0, "6": 0, "7": 0 },
    "f": { "0": 0, "1": 0 },
    "b": { "0": [0, 0], "1": [0, 0], "2": [0, 0], "3": [0, 0], "4": [0, 0], "5": [0, 0] }
  },
  "/Users/monarchlabsinc./Desktop/Work/Projects/2026_expo_templete/src/components/common/RadiButtonNew.tsx": {
    "path": "/Users/monarchlabsinc./Desktop/Work/Projects/2026_expo_templete/src/components/common/RadiButtonNew.tsx",
    "statementMap": {
      "0": { "start": { "line": 10, "column": 43 }, "end": { "line": 19, "column": 1 } },
      "1": { "start": { "line": 11, "column": 2 }, "end": { "line": 18, "column": 4 } },
      "2": { "start": { "line": 12, "column": 37 }, "end": { "line": 12, "column": 56 } }
    },
    "fnMap": {
      "0": {
        "name": "(anonymous_0)",
        "decl": { "start": { "line": 10, "column": 43 }, "end": { "line": 10, "column": 44 } },
        "loc": { "start": { "line": 10, "column": 78 }, "end": { "line": 19, "column": 1 } },
        "line": 10
      },
      "1": {
        "name": "(anonymous_1)",
        "decl": { "start": { "line": 12, "column": 31 }, "end": { "line": 12, "column": 32 } },
        "loc": { "start": { "line": 12, "column": 37 }, "end": { "line": 12, "column": 56 } },
        "line": 12
      }
    },
    "branchMap": {
      "0": {
        "loc": { "start": { "line": 14, "column": 9 }, "end": { "line": 14, "column": 76 } },
        "type": "binary-expr",
        "locations": [
          { "start": { "line": 14, "column": 9 }, "end": { "line": 14, "column": 17 } },
          { "start": { "line": 14, "column": 21 }, "end": { "line": 14, "column": 76 } }
        ],
        "line": 14
      }
    },
    "s": { "0": 0, "1": 0, "2": 0 },
    "f": { "0": 0, "1": 0 },
    "b": { "0": [0, 0] }
  },
  "/Users/monarchlabsinc./Desktop/Work/Projects/2026_expo_templete/src/components/common/RadioButton.tsx": {
    "path": "/Users/monarchlabsinc./Desktop/Work/Projects/2026_expo_templete/src/components/common/RadioButton.tsx",
    "statementMap": {
      "0": { "start": { "line": 11, "column": 2 }, "end": { "line": 24, "column": 4 } }
    },
    "fnMap": {
      "0": {
        "name": "RadioButton",
        "decl": { "start": { "line": 10, "column": 24 }, "end": { "line": 10, "column": 35 } },
        "loc": { "start": { "line": 10, "column": 83 }, "end": { "line": 25, "column": 1 } },
        "line": 10
      }
    },
    "branchMap": {
      "0": {
        "loc": { "start": { "line": 10, "column": 38 }, "end": { "line": 10, "column": 53 } },
        "type": "default-arg",
        "locations": [
          { "start": { "line": 10, "column": 48 }, "end": { "line": 10, "column": 53 } }
        ],
        "line": 10
      },
      "1": {
        "loc": { "start": { "line": 14, "column": 8 }, "end": { "line": 14, "column": 80 } },
        "type": "cond-expr",
        "locations": [
          { "start": { "line": 14, "column": 18 }, "end": { "line": 14, "column": 37 } },
          { "start": { "line": 14, "column": 40 }, "end": { "line": 14, "column": 80 } }
        ],
        "line": 14
      },
      "2": {
        "loc": { "start": { "line": 18, "column": 7 }, "end": { "line": 22, "column": 7 } },
        "type": "binary-expr",
        "locations": [
          { "start": { "line": 18, "column": 7 }, "end": { "line": 18, "column": 14 } },
          { "start": { "line": 19, "column": 8 }, "end": { "line": 21, "column": 10 } }
        ],
        "line": 18
      }
    },
    "s": { "0": 0 },
    "f": { "0": 0 },
    "b": { "0": [0], "1": [0, 0], "2": [0, 0] }
  },
  "/Users/monarchlabsinc./Desktop/Work/Projects/2026_expo_templete/src/components/common/RatingWidget.tsx": {
    "path": "/Users/monarchlabsinc./Desktop/Work/Projects/2026_expo_templete/src/components/common/RatingWidget.tsx",
    "statementMap": {
      "0": { "start": { "line": 10, "column": 2 }, "end": { "line": 17, "column": 4 } },
      "1": { "start": { "line": 13, "column": 31 }, "end": { "line": 13, "column": 82 } }
    },
    "fnMap": {
      "0": {
        "name": "RatingWidget",
        "decl": { "start": { "line": 9, "column": 24 }, "end": { "line": 9, "column": 36 } },
        "loc": { "start": { "line": 9, "column": 56 }, "end": { "line": 18, "column": 1 } },
        "line": 9
      },
      "1": {
        "name": "(anonymous_1)",
        "decl": { "start": { "line": 13, "column": 25 }, "end": { "line": 13, "column": 26 } },
        "loc": { "start": { "line": 13, "column": 31 }, "end": { "line": 13, "column": 82 } },
        "line": 13
      }
    },
    "branchMap": {},
    "s": { "0": 0, "1": 0 },
    "f": { "0": 0, "1": 0 },
    "b": {}
  },
  "/Users/monarchlabsinc./Desktop/Work/Projects/2026_expo_templete/src/components/common/SavePropertyHeart.tsx": {
    "path": "/Users/monarchlabsinc./Desktop/Work/Projects/2026_expo_templete/src/components/common/SavePropertyHeart.tsx",
    "statementMap": {
      "0": { "start": { "line": 14, "column": 25 }, "end": { "line": 14, "column": 37 } },
      "1": { "start": { "line": 15, "column": 32 }, "end": { "line": 15, "column": 47 } },
      "2": { "start": { "line": 16, "column": 19 }, "end": { "line": 16, "column": 28 } },
      "3": { "start": { "line": 18, "column": 19 }, "end": { "line": 30, "column": 3 } },
      "4": { "start": { "line": 20, "column": 4 }, "end": { "line": 29, "column": 5 } },
      "5": { "start": { "line": 21, "column": 6 }, "end": { "line": 21, "column": 23 } },
      "6": { "start": { "line": 23, "column": 6 }, "end": { "line": 23, "column": 18 } },
      "7": { "start": { "line": 25, "column": 6 }, "end": { "line": 25, "column": 25 } },
      "8": { "start": { "line": 26, "column": 6 }, "end": { "line": 26, "column": 67 } },
      "9": { "start": { "line": 28, "column": 6 }, "end": { "line": 28, "column": 24 } },
      "10": { "start": { "line": 32, "column": 2 }, "end": { "line": 40, "column": 4 } }
    },
    "fnMap": {
      "0": {
        "name": "SavePropertyHeart",
        "decl": { "start": { "line": 13, "column": 24 }, "end": { "line": 13, "column": 41 } },
        "loc": { "start": { "line": 13, "column": 75 }, "end": { "line": 41, "column": 1 } },
        "line": 13
      },
      "1": {
        "name": "(anonymous_1)",
        "decl": { "start": { "line": 18, "column": 19 }, "end": { "line": 18, "column": 20 } },
        "loc": { "start": { "line": 18, "column": 31 }, "end": { "line": 30, "column": 3 } },
        "line": 18
      }
    },
    "branchMap": {
      "0": {
        "loc": { "start": { "line": 34, "column": 7 }, "end": { "line": 38, "column": 7 } },
        "type": "cond-expr",
        "locations": [
          { "start": { "line": 35, "column": 8 }, "end": { "line": 35, "column": 55 } },
          { "start": { "line": 37, "column": 8 }, "end": { "line": 37, "column": 82 } }
        ],
        "line": 34
      },
      "1": {
        "loc": { "start": { "line": 37, "column": 49 }, "end": { "line": 37, "column": 78 } },
        "type": "cond-expr",
        "locations": [
          { "start": { "line": 37, "column": 57 }, "end": { "line": 37, "column": 66 } },
          { "start": { "line": 37, "column": 69 }, "end": { "line": 37, "column": 78 } }
        ],
        "line": 37
      }
    },
    "s": {
      "0": 0,
      "1": 0,
      "2": 0,
      "3": 0,
      "4": 0,
      "5": 0,
      "6": 0,
      "7": 0,
      "8": 0,
      "9": 0,
      "10": 0
    },
    "f": { "0": 0, "1": 0 },
    "b": { "0": [0, 0], "1": [0, 0] }
  },
  "/Users/monarchlabsinc./Desktop/Work/Projects/2026_expo_templete/src/components/common/Screen.tsx": {
    "path": "/Users/monarchlabsinc./Desktop/Work/Projects/2026_expo_templete/src/components/common/Screen.tsx",
    "statementMap": {
      "0": { "start": { "line": 12, "column": 17 }, "end": { "line": 12, "column": 36 } },
      "1": { "start": { "line": 15, "column": 4 }, "end": { "line": 21, "column": 19 } },
      "2": { "start": { "line": 24, "column": 2 }, "end": { "line": 33, "column": 3 } },
      "3": { "start": { "line": 25, "column": 4 }, "end": { "line": 32, "column": 6 } },
      "4": { "start": { "line": 35, "column": 2 }, "end": { "line": 35, "column": 17 } }
    },
    "fnMap": {
      "0": {
        "name": "Screen",
        "decl": { "start": { "line": 11, "column": 24 }, "end": { "line": 11, "column": 30 } },
        "loc": { "start": { "line": 11, "column": 99 }, "end": { "line": 36, "column": 1 } },
        "line": 11
      }
    },
    "branchMap": {
      "0": {
        "loc": { "start": { "line": 11, "column": 33 }, "end": { "line": 11, "column": 47 } },
        "type": "default-arg",
        "locations": [
          { "start": { "line": 11, "column": 45 }, "end": { "line": 11, "column": 47 } }
        ],
        "line": 11
      },
      "1": {
        "loc": { "start": { "line": 11, "column": 49 }, "end": { "line": 11, "column": 68 } },
        "type": "default-arg",
        "locations": [
          { "start": { "line": 11, "column": 64 }, "end": { "line": 11, "column": 68 } }
        ],
        "line": 11
      },
      "2": {
        "loc": { "start": { "line": 24, "column": 2 }, "end": { "line": 33, "column": 3 } },
        "type": "if",
        "locations": [
          { "start": { "line": 24, "column": 2 }, "end": { "line": 33, "column": 3 } },
          { "start": {}, "end": {} }
        ],
        "line": 24
      },
      "3": {
        "loc": { "start": { "line": 27, "column": 18 }, "end": { "line": 27, "column": 62 } },
        "type": "cond-expr",
        "locations": [
          { "start": { "line": 27, "column": 42 }, "end": { "line": 27, "column": 51 } },
          { "start": { "line": 27, "column": 54 }, "end": { "line": 27, "column": 62 } }
        ],
        "line": 27
      }
    },
    "s": { "0": 0, "1": 0, "2": 0, "3": 0, "4": 0 },
    "f": { "0": 0 },
    "b": { "0": [0], "1": [0], "2": [0, 0], "3": [0, 0] }
  },
  "/Users/monarchlabsinc./Desktop/Work/Projects/2026_expo_templete/src/components/common/ScreenHeader.tsx": {
    "path": "/Users/monarchlabsinc./Desktop/Work/Projects/2026_expo_templete/src/components/common/ScreenHeader.tsx",
    "statementMap": {
      "0": { "start": { "line": 11, "column": 2 }, "end": { "line": 21, "column": 4 } }
    },
    "fnMap": {
      "0": {
        "name": "ScreenHeader",
        "decl": { "start": { "line": 10, "column": 24 }, "end": { "line": 10, "column": 36 } },
        "loc": { "start": { "line": 10, "column": 55 }, "end": { "line": 22, "column": 1 } },
        "line": 10
      }
    },
    "branchMap": {},
    "s": { "0": 0 },
    "f": { "0": 0 },
    "b": {}
  },
  "/Users/monarchlabsinc./Desktop/Work/Projects/2026_expo_templete/src/components/common/SessionExpiredModal.tsx": {
    "path": "/Users/monarchlabsinc./Desktop/Work/Projects/2026_expo_templete/src/components/common/SessionExpiredModal.tsx",
    "statementMap": {
      "0": { "start": { "line": 11, "column": 28 }, "end": { "line": 41, "column": 1 } },
      "1": { "start": { "line": 17, "column": 2 }, "end": { "line": 40, "column": 4 } }
    },
    "fnMap": {
      "0": {
        "name": "(anonymous_0)",
        "decl": { "start": { "line": 11, "column": 28 }, "end": { "line": 11, "column": 29 } },
        "loc": { "start": { "line": 16, "column": 13 }, "end": { "line": 41, "column": 1 } },
        "line": 16
      },
      "1": {
        "name": "(anonymous_1)",
        "decl": { "start": { "line": 15, "column": 12 }, "end": { "line": 15, "column": 13 } },
        "loc": { "start": { "line": 15, "column": 18 }, "end": { "line": 15, "column": 20 } },
        "line": 15
      }
    },
    "branchMap": {
      "0": {
        "loc": { "start": { "line": 12, "column": 2 }, "end": { "line": 12, "column": 17 } },
        "type": "default-arg",
        "locations": [
          { "start": { "line": 12, "column": 12 }, "end": { "line": 12, "column": 17 } }
        ],
        "line": 12
      },
      "1": {
        "loc": { "start": { "line": 13, "column": 2 }, "end": { "line": 13, "column": 12 } },
        "type": "default-arg",
        "locations": [
          { "start": { "line": 13, "column": 10 }, "end": { "line": 13, "column": 12 } }
        ],
        "line": 13
      },
      "2": {
        "loc": { "start": { "line": 14, "column": 2 }, "end": { "line": 14, "column": 14 } },
        "type": "default-arg",
        "locations": [
          { "start": { "line": 14, "column": 12 }, "end": { "line": 14, "column": 14 } }
        ],
        "line": 14
      },
      "3": {
        "loc": { "start": { "line": 15, "column": 2 }, "end": { "line": 15, "column": 20 } },
        "type": "default-arg",
        "locations": [
          { "start": { "line": 15, "column": 12 }, "end": { "line": 15, "column": 20 } }
        ],
        "line": 15
      },
      "4": {
        "loc": { "start": { "line": 22, "column": 13 }, "end": { "line": 22, "column": 39 } },
        "type": "binary-expr",
        "locations": [
          { "start": { "line": 22, "column": 13 }, "end": { "line": 22, "column": 18 } },
          { "start": { "line": 22, "column": 22 }, "end": { "line": 22, "column": 39 } }
        ],
        "line": 22
      },
      "5": {
        "loc": { "start": { "line": 25, "column": 13 }, "end": { "line": 25, "column": 99 } },
        "type": "binary-expr",
        "locations": [
          { "start": { "line": 25, "column": 13 }, "end": { "line": 25, "column": 20 } },
          { "start": { "line": 25, "column": 24 }, "end": { "line": 25, "column": 99 } }
        ],
        "line": 25
      }
    },
    "s": { "0": 0, "1": 0 },
    "f": { "0": 0, "1": 0 },
    "b": { "0": [0], "1": [0], "2": [0], "3": [0], "4": [0, 0], "5": [0, 0] }
  },
  "/Users/monarchlabsinc./Desktop/Work/Projects/2026_expo_templete/src/components/common/Skeleton.tsx": {
    "path": "/Users/monarchlabsinc./Desktop/Work/Projects/2026_expo_templete/src/components/common/Skeleton.tsx",
    "statementMap": {
      "0": { "start": { "line": 14, "column": 49 }, "end": { "line": 37, "column": 1 } },
      "1": { "start": { "line": 22, "column": 2 }, "end": { "line": 36, "column": 4 } },
      "2": { "start": { "line": 39, "column": 27 }, "end": { "line": 60, "column": 1 } },
      "3": { "start": { "line": 41, "column": 4 }, "end": { "line": 45, "column": 11 } },
      "4": { "start": { "line": 48, "column": 4 }, "end": { "line": 58, "column": 11 } }
    },
    "fnMap": {
      "0": {
        "name": "(anonymous_0)",
        "decl": { "start": { "line": 14, "column": 49 }, "end": { "line": 14, "column": 50 } },
        "loc": { "start": { "line": 21, "column": 6 }, "end": { "line": 37, "column": 1 } },
        "line": 21
      },
      "1": {
        "name": "(anonymous_1)",
        "decl": { "start": { "line": 40, "column": 8 }, "end": { "line": 40, "column": 9 } },
        "loc": { "start": { "line": 41, "column": 4 }, "end": { "line": 45, "column": 11 } },
        "line": 41
      },
      "2": {
        "name": "(anonymous_2)",
        "decl": { "start": { "line": 47, "column": 10 }, "end": { "line": 47, "column": 11 } },
        "loc": { "start": { "line": 48, "column": 4 }, "end": { "line": 58, "column": 11 } },
        "line": 48
      }
    },
    "branchMap": {
      "0": {
        "loc": { "start": { "line": 15, "column": 2 }, "end": { "line": 15, "column": 16 } },
        "type": "default-arg",
        "locations": [
          { "start": { "line": 15, "column": 10 }, "end": { "line": 15, "column": 16 } }
        ],
        "line": 15
      },
      "1": {
        "loc": { "start": { "line": 16, "column": 2 }, "end": { "line": 16, "column": 13 } },
        "type": "default-arg",
        "locations": [
          { "start": { "line": 16, "column": 11 }, "end": { "line": 16, "column": 13 } }
        ],
        "line": 16
      },
      "2": {
        "loc": { "start": { "line": 17, "column": 2 }, "end": { "line": 17, "column": 12 } },
        "type": "default-arg",
        "locations": [
          { "start": { "line": 17, "column": 11 }, "end": { "line": 17, "column": 12 } }
        ],
        "line": 17
      },
      "3": {
        "loc": { "start": { "line": 18, "column": 2 }, "end": { "line": 18, "column": 13 } },
        "type": "default-arg",
        "locations": [
          { "start": { "line": 18, "column": 9 }, "end": { "line": 18, "column": 13 } }
        ],
        "line": 18
      },
      "4": {
        "loc": { "start": { "line": 19, "column": 2 }, "end": { "line": 19, "column": 21 } },
        "type": "default-arg",
        "locations": [
          { "start": { "line": 19, "column": 14 }, "end": { "line": 19, "column": 21 } }
        ],
        "line": 19
      }
    },
    "s": { "0": 0, "1": 0, "2": 0, "3": 0, "4": 0 },
    "f": { "0": 0, "1": 0, "2": 0 },
    "b": { "0": [0], "1": [0], "2": [0], "3": [0], "4": [0] }
  },
  "/Users/monarchlabsinc./Desktop/Work/Projects/2026_expo_templete/src/components/common/Toaster.tsx": {
    "path": "/Users/monarchlabsinc./Desktop/Work/Projects/2026_expo_templete/src/components/common/Toaster.tsx",
    "statementMap": {
      "0": { "start": { "line": 6, "column": 18 }, "end": { "line": 6, "column": 42 } },
      "1": { "start": { "line": 21, "column": 31 }, "end": { "line": 32, "column": 3 } },
      "2": { "start": { "line": 21, "column": 62 }, "end": { "line": 32, "column": 1 } },
      "3": { "start": { "line": 24, "column": 15 }, "end": { "line": 24, "column": 25 } },
      "4": { "start": { "line": 25, "column": 4 }, "end": { "line": 25, "column": 70 } },
      "5": { "start": { "line": 25, "column": 20 }, "end": { "line": 25, "column": 67 } },
      "6": { "start": { "line": 26, "column": 4 }, "end": { "line": 28, "column": 13 } },
      "7": { "start": { "line": 27, "column": 6 }, "end": { "line": 27, "column": 76 } },
      "8": { "start": { "line": 27, "column": 22 }, "end": { "line": 27, "column": 73 } },
      "9": { "start": { "line": 27, "column": 59 }, "end": { "line": 27, "column": 70 } },
      "10": { "start": { "line": 30, "column": 23 }, "end": { "line": 30, "column": 92 } },
      "11": { "start": { "line": 30, "column": 39 }, "end": { "line": 30, "column": 90 } },
      "12": { "start": { "line": 30, "column": 76 }, "end": { "line": 30, "column": 87 } },
      "13": { "start": { "line": 31, "column": 21 }, "end": { "line": 31, "column": 40 } },
      "14": { "start": { "line": 34, "column": 26 }, "end": { "line": 45, "column": 1 } },
      "15": { "start": { "line": 35, "column": 19 }, "end": { "line": 35, "column": 61 } },
      "16": { "start": { "line": 35, "column": 46 }, "end": { "line": 35, "column": 60 } },
      "17": { "start": { "line": 37, "column": 21 }, "end": { "line": 42, "column": 3 } },
      "18": { "start": { "line": 38, "column": 4 }, "end": { "line": 41, "column": 7 } },
      "19": { "start": { "line": 44, "column": 2 }, "end": { "line": 44, "column": 24 } },
[...]
        ],
        "line": 441
      },
      "51": {
        "loc": { "start": { "line": 442, "column": 21 }, "end": { "line": 442, "column": 47 } },
        "type": "binary-expr",
        "locations": [
          { "start": { "line": 442, "column": 21 }, "end": { "line": 442, "column": 39 } },
          { "start": { "line": 442, "column": 43 }, "end": { "line": 442, "column": 47 } }
        ],
        "line": 442
      },
      "52": {
        "loc": { "start": { "line": 446, "column": 28 }, "end": { "line": 446, "column": 49 } },
        "type": "binary-expr",
        "locations": [
          { "start": { "line": 446, "column": 28 }, "end": { "line": 446, "column": 44 } },
          { "start": { "line": 446, "column": 48 }, "end": { "line": 446, "column": 49 } }
        ],
        "line": 446
      },
      "53": {
        "loc": { "start": { "line": 447, "column": 30 }, "end": { "line": 447, "column": 53 } },
        "type": "binary-expr",
        "locations": [
          { "start": { "line": 447, "column": 30 }, "end": { "line": 447, "column": 48 } },
          { "start": { "line": 447, "column": 52 }, "end": { "line": 447, "column": 53 } }
        ],
        "line": 447
      },
      "54": {
        "loc": { "start": { "line": 448, "column": 26 }, "end": { "line": 448, "column": 45 } },
        "type": "binary-expr",
        "locations": [
          { "start": { "line": 448, "column": 26 }, "end": { "line": 448, "column": 40 } },
          { "start": { "line": 448, "column": 44 }, "end": { "line": 448, "column": 45 } }
        ],
        "line": 448
      },
      "55": {
        "loc": { "start": { "line": 449, "column": 27 }, "end": { "line": 449, "column": 48 } },
        "type": "binary-expr",
        "locations": [
          { "start": { "line": 449, "column": 27 }, "end": { "line": 449, "column": 42 } },
          { "start": { "line": 449, "column": 46 }, "end": { "line": 449, "column": 48 } }
        ],
        "line": 449
      },
      "56": {
        "loc": { "start": { "line": 453, "column": 20 }, "end": { "line": 453, "column": 43 } },
        "type": "binary-expr",
        "locations": [
          { "start": { "line": 453, "column": 20 }, "end": { "line": 453, "column": 30 } },
          { "start": { "line": 453, "column": 34 }, "end": { "line": 453, "column": 43 } }
        ],
        "line": 453
      },
      "57": {
        "loc": { "start": { "line": 476, "column": 13 }, "end": { "line": 476, "column": 65 } },
        "type": "binary-expr",
        "locations": [
          { "start": { "line": 476, "column": 13 }, "end": { "line": 476, "column": 57 } },
          { "start": { "line": 476, "column": 61 }, "end": { "line": 476, "column": 65 } }
        ],
        "line": 476
      },
      "58": {
        "loc": { "start": { "line": 507, "column": 6 }, "end": { "line": 509, "column": 7 } },
        "type": "if",
        "locations": [
          { "start": { "line": 507, "column": 6 }, "end": { "line": 509, "column": 7 } },
          { "start": {}, "end": {} }
        ],
        "line": 507
      },
      "59": {
        "loc": { "start": { "line": 653, "column": 6 }, "end": { "line": 661, "column": 7 } },
        "type": "if",
        "locations": [
          { "start": { "line": 653, "column": 6 }, "end": { "line": 661, "column": 7 } },
          { "start": {}, "end": {} }
        ],
        "line": 653
      },
      "60": {
        "loc": { "start": { "line": 729, "column": 6 }, "end": { "line": 739, "column": 7 } },
        "type": "if",
        "locations": [
          { "start": { "line": 729, "column": 6 }, "end": { "line": 739, "column": 7 } },
          { "start": {}, "end": {} }
        ],
        "line": 729
      },
      "61": {
        "loc": { "start": { "line": 763, "column": 10 }, "end": { "line": 763, "column": 36 } },
        "type": "binary-expr",
        "locations": [
          { "start": { "line": 763, "column": 10 }, "end": { "line": 763, "column": 28 } },
          { "start": { "line": 763, "column": 32 }, "end": { "line": 763, "column": 36 } }
        ],
        "line": 763
      },
      "62": {
        "loc": { "start": { "line": 764, "column": 10 }, "end": { "line": 764, "column": 38 } },
        "type": "binary-expr",
        "locations": [
          { "start": { "line": 764, "column": 10 }, "end": { "line": 764, "column": 30 } },
          { "start": { "line": 764, "column": 34 }, "end": { "line": 764, "column": 38 } }
        ],
        "line": 764
      },
      "63": {
        "loc": { "start": { "line": 765, "column": 10 }, "end": { "line": 765, "column": 36 } },
        "type": "binary-expr",
        "locations": [
          { "start": { "line": 765, "column": 10 }, "end": { "line": 765, "column": 28 } },
          { "start": { "line": 765, "column": 32 }, "end": { "line": 765, "column": 36 } }
        ],
        "line": 765
      },
      "64": {
        "loc": { "start": { "line": 783, "column": 6 }, "end": { "line": 785, "column": 7 } },
        "type": "if",
        "locations": [
          { "start": { "line": 783, "column": 6 }, "end": { "line": 785, "column": 7 } },
          { "start": {}, "end": {} }
        ],
        "line": 783
      },
      "65": {
        "loc": { "start": { "line": 793, "column": 6 }, "end": { "line": 795, "column": 7 } },
        "type": "if",
        "locations": [
          { "start": { "line": 793, "column": 6 }, "end": { "line": 795, "column": 7 } },
          { "start": {}, "end": {} }
        ],
        "line": 793
      },
      "66": {
        "loc": { "start": { "line": 819, "column": 6 }, "end": { "line": 821, "column": 7 } },
        "type": "if",
        "locations": [
          { "start": { "line": 819, "column": 6 }, "end": { "line": 821, "column": 7 } },
          { "start": {}, "end": {} }
        ],
        "line": 819
      },
      "67": {
        "loc": { "start": { "line": 832, "column": 10 }, "end": { "line": 832, "column": 36 } },
        "type": "binary-expr",
        "locations": [
          { "start": { "line": 832, "column": 10 }, "end": { "line": 832, "column": 28 } },
          { "start": { "line": 832, "column": 32 }, "end": { "line": 832, "column": 36 } }
        ],
        "line": 832
      },
      "68": {
        "loc": { "start": { "line": 833, "column": 10 }, "end": { "line": 833, "column": 38 } },
        "type": "binary-expr",
        "locations": [
          { "start": { "line": 833, "column": 10 }, "end": { "line": 833, "column": 30 } },
          { "start": { "line": 833, "column": 34 }, "end": { "line": 833, "column": 38 } }
        ],
        "line": 833
      },
      "69": {
        "loc": { "start": { "line": 834, "column": 10 }, "end": { "line": 834, "column": 36 } },
        "type": "binary-expr",
        "locations": [
          { "start": { "line": 834, "column": 10 }, "end": { "line": 834, "column": 28 } },
          { "start": { "line": 834, "column": 32 }, "end": { "line": 834, "column": 36 } }
        ],
        "line": 834
      },
      "70": {
        "loc": { "start": { "line": 852, "column": 6 }, "end": { "line": 852, "column": 66 } },
        "type": "if",
        "locations": [
          { "start": { "line": 852, "column": 6 }, "end": { "line": 852, "column": 66 } },
          { "start": {}, "end": {} }
        ],
        "line": 852
      },
      "71": {
        "loc": { "start": { "line": 858, "column": 8 }, "end": { "line": 873, "column": 9 } },
        "type": "if",
        "locations": [
          { "start": { "line": 858, "column": 8 }, "end": { "line": 873, "column": 9 } },
          { "start": {}, "end": {} }
        ],
        "line": 858
      },
      "72": {
        "loc": { "start": { "line": 858, "column": 12 }, "end": { "line": 858, "column": 55 } },
        "type": "binary-expr",
        "locations": [
          { "start": { "line": 858, "column": 12 }, "end": { "line": 858, "column": 24 } },
          { "start": { "line": 858, "column": 28 }, "end": { "line": 858, "column": 55 } }
        ],
        "line": 858
      },
      "73": {
        "loc": { "start": { "line": 865, "column": 16 }, "end": { "line": 865, "column": 43 } },
        "type": "binary-expr",
        "locations": [
          { "start": { "line": 865, "column": 16 }, "end": { "line": 865, "column": 24 } },
          { "start": { "line": 865, "column": 28 }, "end": { "line": 865, "column": 37 } },
          { "start": { "line": 865, "column": 41 }, "end": { "line": 865, "column": 43 } }
        ],
        "line": 865
      },
      "74": {
        "loc": { "start": { "line": 866, "column": 16 }, "end": { "line": 866, "column": 43 } },
        "type": "binary-expr",
        "locations": [
          { "start": { "line": 866, "column": 16 }, "end": { "line": 866, "column": 24 } },
          { "start": { "line": 866, "column": 28 }, "end": { "line": 866, "column": 37 } },
          { "start": { "line": 866, "column": 41 }, "end": { "line": 866, "column": 43 } }
        ],
        "line": 866
      },
      "75": {
        "loc": { "start": { "line": 867, "column": 16 }, "end": { "line": 867, "column": 29 } },
        "type": "binary-expr",
        "locations": [
          { "start": { "line": 867, "column": 16 }, "end": { "line": 867, "column": 23 } },
          { "start": { "line": 867, "column": 27 }, "end": { "line": 867, "column": 29 } }
        ],
        "line": 867
      },
      "76": {
        "loc": { "start": { "line": 868, "column": 16 }, "end": { "line": 868, "column": 46 } },
        "type": "binary-expr",
        "locations": [
          { "start": { "line": 868, "column": 16 }, "end": { "line": 868, "column": 23 } },
          { "start": { "line": 868, "column": 27 }, "end": { "line": 868, "column": 38 } },
          { "start": { "line": 868, "column": 42 }, "end": { "line": 868, "column": 46 } }
        ],
        "line": 868
      },
      "77": {
        "loc": { "start": { "line": 887, "column": 6 }, "end": { "line": 887, "column": 33 } },
        "type": "if",
        "locations": [
          { "start": { "line": 887, "column": 6 }, "end": { "line": 887, "column": 33 } },
          { "start": {}, "end": {} }
        ],
        "line": 887
      },
      "78": {
        "loc": { "start": { "line": 912, "column": 6 }, "end": { "line": 912, "column": 35 } },
        "type": "if",
        "locations": [
          { "start": { "line": 912, "column": 6 }, "end": { "line": 912, "column": 35 } },
          { "start": {}, "end": {} }
        ],
        "line": 912
      },
      "79": {
        "loc": { "start": { "line": 948, "column": 6 }, "end": { "line": 950, "column": 7 } },
        "type": "if",
        "locations": [
          { "start": { "line": 948, "column": 6 }, "end": { "line": 950, "column": 7 } },
          { "start": {}, "end": {} }
        ],
        "line": 948
      },
      "80": {
        "loc": { "start": { "line": 955, "column": 6 }, "end": { "line": 960, "column": 7 } },
        "type": "if",
        "locations": [
          { "start": { "line": 955, "column": 6 }, "end": { "line": 960, "column": 7 } },
          { "start": { "line": 958, "column": 13 }, "end": { "line": 960, "column": 7 } }
        ],
        "line": 955
      },
      "81": {
        "loc": { "start": { "line": 955, "column": 10 }, "end": { "line": 955, "column": 37 } },
        "type": "binary-expr",
        "locations": [
          { "start": { "line": 955, "column": 10 }, "end": { "line": 955, "column": 16 } },
          { "start": { "line": 955, "column": 20 }, "end": { "line": 955, "column": 37 } }
        ],
        "line": 955
      },
      "82": {
        "loc": { "start": { "line": 1005, "column": 6 }, "end": { "line": 1008, "column": 7 } },
        "type": "if",
        "locations": [
          { "start": { "line": 1005, "column": 6 }, "end": { "line": 1008, "column": 7 } },
          { "start": {}, "end": {} }
        ],
        "line": 1005
      }
    },
    "s": {
      "0": 0,
      "1": 0,
      "2": 0,
      "3": 0,
      "4": 0,
      "5": 0,
      "6": 0,
      "7": 0,
      "8": 0,
      "9": 0,
      "10": 0,
      "11": 0,
      "12": 0,
      "13": 0,
      "14": 0,
      "15": 0,
      "16": 0,
      "17": 0,
      "18": 0,
      "19": 0,
      "20": 0,
      "21": 0,
      "22": 0,
      "23": 0,
      "24": 0,
      "25": 0,
      "26": 0,
      "27": 0,
      "28": 0,
      "29": 0,
      "30": 0,
      "31": 0,
      "32": 0,
      "33": 0,
      "34": 0,
      "35": 0,
      "36": 0,
      "37": 0,
      "38": 0,
      "39": 0,
      "40": 0,
      "41": 0,
      "42": 0,
      "43": 0,
      "44": 0,
      "45": 0,
      "46": 0,
      "47": 0,
      "48": 0,
      "49": 0,
      "50": 0,
      "51": 0,
      "52": 0,
      "53": 0,
      "54": 0,
      "55": 0,
      "56": 0,
      "57": 0,
      "58": 0,
      "59": 0,
      "60": 0,
      "61": 0,
      "62": 0,
      "63": 0,
      "64": 0,
      "65": 0,
      "66": 0,
      "67": 0,
      "68": 0,
      "69": 0,
      "70": 0,
      "71": 0,
      "72": 0,
      "73": 0,
      "74": 0,
      "75": 0,
      "76": 0,
      "77": 0,
      "78": 0,
      "79": 0,
      "80": 0,
      "81": 0,
      "82": 0,
      "83": 0,
      "84": 0,
      "85": 0,
      "86": 0,
      "87": 0,
      "88": 0,
      "89": 0,
      "90": 0,
      "91": 0,
      "92": 0,
      "93": 0,
      "94": 0,
      "95": 0,
      "96": 0,
      "97": 0,
      "98": 0,
      "99": 0,
      "100": 0,
      "101": 0,
      "102": 0,
      "103": 0,
      "104": 0,
      "105": 0,
      "106": 0,
      "107": 0,
      "108": 0,
      "109": 0,
      "110": 0,
      "111": 0,
      "112": 0,
      "113": 0,
      "114": 0,
      "115": 0,
      "116": 0,
      "117": 0,
      "118": 0,
      "119": 0,
      "120": 0,
      "121": 0,
      "122": 0,
      "123": 0,
      "124": 0,
      "125": 0,
      "126": 0,
      "127": 0,
      "128": 0,
      "129": 0,
      "130": 0,
      "131": 0,
      "132": 0,
      "133": 0,
      "134": 0,
      "135": 0,
      "136": 0,
      "137": 0,
      "138": 0,
      "139": 0,
      "140": 0,
      "141": 0,
      "142": 0,
      "143": 0,
      "144": 0,
      "145": 0,
      "146": 0,
      "147": 0,
      "148": 0,
      "149": 0,
      "150": 0,
      "151": 0,
      "152": 0,
      "153": 0,
      "154": 0,
      "155": 0,
      "156": 0,
      "157": 0,
      "158": 0,
      "159": 0,
      "160": 0,
      "161": 0,
      "162": 0,
      "163": 0,
      "164": 0,
      "165": 0,
      "166": 0,
      "167": 0,
      "168": 0,
      "169": 0,
      "170": 0,
      "171": 0,
      "172": 0,
      "173": 0,
      "174": 0,
      "175": 0,
      "176": 0,
      "177": 0,
      "178": 0,
      "179": 0,
      "180": 0,
      "181": 0,
      "182": 0,
      "183": 0,
      "184": 0,
      "185": 0,
      "186": 0,
      "187": 0,
      "188": 0,
      "189": 0,
      "190": 0,
      "191": 0,
      "192": 0,
      "193": 0,
      "194": 0,
      "195": 0,
      "196": 0,
      "197": 0,
      "198": 0,
      "199": 0,
      "200": 0,
      "201": 0,
      "202": 0,
      "203": 0,
      "204": 0,
      "205": 0,
      "206": 0,
      "207": 0,
      "208": 0,
      "209": 0,
      "210": 0,
      "211": 0,
      "212": 0,
      "213": 0,
      "214": 0,
      "215": 0,
      "216": 0,
      "217": 0,
      "218": 0,
      "219": 0,
      "220": 0,
      "221": 0,
      "222": 0,
      "223": 0,
      "224": 0,
      "225": 0,
      "226": 0,
      "227": 0,
      "228": 0,
      "229": 0,
      "230": 0,
      "231": 0,
      "232": 0,
      "233": 0,
      "234": 0,
      "235": 0,
      "236": 0,
      "237": 0,
      "238": 0,
      "239": 0,
      "240": 0,
      "241": 0,
      "242": 0,
      "243": 0,
      "244": 0,
      "245": 0,
      "246": 0,
      "247": 0,
      "248": 0,
      "249": 0,
      "250": 0,
      "251": 0,
      "252": 0,
      "253": 0,
      "254": 0,
      "255": 0,
      "256": 0,
      "257": 0,
      "258": 0,
      "259": 0,
      "260": 0,
      "261": 0,
      "262": 0,
      "263": 0,
      "264": 0,
      "265": 0,
      "266": 0,
      "267": 0,
      "268": 0,
      "269": 0,
      "270": 0,
      "271": 0,
      "272": 0,
      "273": 0,
      "274": 0,
      "275": 0,
      "276": 0,
      "277": 0,
      "278": 0,
      "279": 0,
      "280": 0,
      "281": 0,
      "282": 0,
      "283": 0,
      "284": 0,
      "285": 0,
      "286": 0,
      "287": 0,
      "288": 0,
      "289": 0,
      "290": 0,
      "291": 0,
      "292": 0,
      "293": 0,
      "294": 0,
      "295": 0,
      "296": 0,
      "297": 0,
      "298": 0,
      "299": 0,
      "300": 0,
      "301": 0,
      "302": 0,
      "303": 0,
      "304": 0,
      "305": 0,
      "306": 0,
      "307": 0,
      "308": 0,
      "309": 0,
      "310": 0,
      "311": 0,
      "312": 0,
      "313": 0,
      "314": 0,
      "315": 0,
      "316": 0,
      "317": 0,
      "318": 0,
      "319": 0,
      "320": 0,
      "321": 0,
      "322": 0,
      "323": 0,
      "324": 0,
      "325": 0,
      "326": 0,
      "327": 0,
      "328": 0,
      "329": 0,
      "330": 0,
      "331": 0,
      "332": 0,
      "333": 0,
      "334": 0,
      "335": 0,
      "336": 0
    },
    "f": {
      "0": 0,
      "1": 0,
      "2": 0,
      "3": 0,
      "4": 0,
      "5": 0,
      "6": 0,
      "7": 0,
      "8": 0,
      "9": 0,
      "10": 0,
      "11": 0,
      "12": 0,
      "13": 0,
      "14": 0,
      "15": 0,
      "16": 0,
      "17": 0,
      "18": 0,
      "19": 0,
      "20": 0,
      "21": 0,
      "22": 0,
      "23": 0,
      "24": 0,
      "25": 0,
      "26": 0,
      "27": 0,
      "28": 0,
      "29": 0,
      "30": 0,
      "31": 0,
      "32": 0,
      "33": 0,
      "34": 0,
      "35": 0,
      "36": 0,
      "37": 0,
      "38": 0,
      "39": 0,
      "40": 0,
      "41": 0,
      "42": 0,
      "43": 0
    },
    "b": {
      "0": [0, 0],
      "1": [0, 0],
      "2": [0, 0],
      "3": [0, 0],
      "4": [0, 0],
      "5": [0, 0],
      "6": [0, 0],
      "7": [0, 0],
      "8": [0, 0],
      "9": [0, 0],
      "10": [0, 0],
      "11": [0, 0],
      "12": [0, 0],
      "13": [0, 0],
      "14": [0, 0],
      "15": [0, 0],
      "16": [0, 0],
      "17": [0, 0],
      "18": [0, 0],
      "19": [0, 0],
      "20": [0, 0],
      "21": [0, 0],
      "22": [0, 0],
      "23": [0, 0],
      "24": [0, 0],
      "25": [0, 0],
      "26": [0, 0],
      "27": [0, 0],
      "28": [0, 0],
      "29": [0, 0],
      "30": [0, 0],
      "31": [0, 0],
      "32": [0, 0],
      "33": [0, 0],
      "34": [0, 0],
      "35": [0, 0],
      "36": [0, 0],
      "37": [0, 0],
      "38": [0, 0],
      "39": [0, 0],
      "40": [0, 0],
      "41": [0, 0],
      "42": [0, 0],
      "43": [0, 0],
      "44": [0, 0],
      "45": [0, 0],
      "46": [0, 0],
      "47": [0, 0],
      "48": [0, 0],
      "49": [0, 0],
      "50": [0, 0],
      "51": [0, 0],
      "52": [0, 0],
      "53": [0, 0],
      "54": [0, 0],
      "55": [0, 0],
      "56": [0, 0],
      "57": [0, 0],
      "58": [0, 0],
      "59": [0, 0],
      "60": [0, 0],
      "61": [0, 0],
      "62": [0, 0],
      "63": [0, 0],
      "64": [0, 0],
      "65": [0, 0],
      "66": [0, 0],
      "67": [0, 0],
      "68": [0, 0],
      "69": [0, 0],
      "70": [0, 0],
      "71": [0, 0],
      "72": [0, 0],
      "73": [0, 0, 0],
      "74": [0, 0, 0],
      "75": [0, 0],
      "76": [0, 0, 0],
      "77": [0, 0],
      "78": [0, 0],
      "79": [0, 0],
      "80": [0, 0],
      "81": [0, 0],
      "82": [0, 0]
    }
  },
  "/Users/monarchlabsinc./Desktop/Work/Projects/2026_expo_templete/src/utils/url.ts": {
    "path": "/Users/monarchlabsinc./Desktop/Work/Projects/2026_expo_templete/src/utils/url.ts",
    "statementMap": {
      "0": { "start": { "line": 25, "column": 28 }, "end": { "line": 59, "column": 1 } }
    },
    "fnMap": {},
    "branchMap": {},
    "s": { "0": 0 },
    "f": {},
    "b": {}
  }
}
